This is pdfTeX, Version 3.14159265-2.6-1.40.18 (TeX Live 2017/Debian) (preloaded format=pdflatex 2019.11.21)  14 JUN 2022 14:38
entering extended mode
 restricted \write18 enabled.
 file:line:error style messages enabled.
 %&-line parsing enabled.
**snana_layout.tex
(./snana_layout.tex
LaTeX2e <2017-04-15>
Babel <3.18> and hyphenation patterns for 84 language(s) loaded.
(/usr/share/texlive/texmf-dist/tex/latex/standalone/standalone.cls
Document Class: standalone 2015/07/15 v1.2 Class to compile TeX sub-files standalone
(/usr/share/texlive/texmf-dist/tex/generic/oberdiek/ifluatex.sty
Package: ifluatex 2016/05/16 v1.4 Provides the ifluatex switch (HO)
Package ifluatex Info: LuaTeX not detected.
) (/usr/share/texlive/texmf-dist/tex/generic/oberdiek/ifpdf.sty
Package: ifpdf 2017/03/15 v3.2 Provides the ifpdf switch
) (/usr/share/texlive/texmf-dist/tex/generic/ifxetex/ifxetex.sty
Package: ifxetex 2010/09/12 v0.6 Provides ifxetex conditional
) (/usr/share/texlive/texmf-dist/tex/latex/xkeyval/xkeyval.sty
Package: xkeyval 2014/12/03 v2.7a package option processing (HA)
 (/usr/share/texlive/texmf-dist/tex/generic/xkeyval/xkeyval.tex (/usr/share/texlive/texmf-dist/tex/generic/xkeyval/xkvutils.tex
\XKV@toks=\toks14
\XKV@tempa@toks=\toks15
 (/usr/share/texlive/texmf-dist/tex/generic/xkeyval/keyval.tex))
\XKV@depth=\count79
File: xkeyval.tex 2014/12/03 v2.7a key=value parser (HA)
))
\sa@internal=\count80
\c@sapage=\count81
 (/usr/share/texlive/texmf-dist/tex/latex/standalone/standalone.cfg
File: standalone.cfg 2015/07/15 v1.2 Default configuration file for 'standalone' class
) (/usr/share/texlive/texmf-dist/tex/latex/base/article.cls
Document Class: article 2014/09/29 v1.4h Standard LaTeX document class
(/usr/share/texlive/texmf-dist/tex/latex/base/size10.clo
File: size10.clo 2014/09/29 v1.4h Standard LaTeX file (size option)
)
\c@part=\count82
\c@section=\count83
\c@subsection=\count84
\c@subsubsection=\count85
\c@paragraph=\count86
\c@subparagraph=\count87
\c@figure=\count88
\c@table=\count89
\abovecaptionskip=\skip41
\belowcaptionskip=\skip42
\bibindent=\dimen102
)
\sa@box=\box26
) (/home/nicolas/texmf/tex/latex/local/mintikz.sty
Package: mintikz 
 (/usr/share/texlive/texmf-dist/tex/latex/base/fontenc.sty
Package: fontenc 2017/04/05 v2.0i Standard LaTeX package
 (/usr/share/texlive/texmf-dist/tex/latex/base/t1enc.def
File: t1enc.def 2017/04/05 v2.0i Standard LaTeX file
LaTeX Font Info:    Redeclaring font encoding T1 on input line 48.
)) (/usr/share/texlive/texmf-dist/tex/generic/babel/babel.sty
Package: babel 2018/02/14 3.18 The Babel package
 (/usr/share/texlive/texmf-dist/tex/generic/babel/switch.def
File: switch.def 2018/02/14 3.18 Babel switching mechanism
) (/usr/share/texlive/texmf-dist/tex/generic/babel-french/french.ldf
Language: french 2018/02/04 v3.4b French support from the babel system
 (/usr/share/texlive/texmf-dist/tex/generic/babel/babel.def
File: babel.def 2018/02/14 3.18 Babel common definitions
\babel@savecnt=\count90
\U@D=\dimen103
 (/usr/share/texlive/texmf-dist/tex/generic/babel/txtbabel.def)
\bbl@dirlevel=\count91
)
\l@acadian = a dialect from \language\l@french 
\FB@nonchar=\count92
Package babel Info: Making : an active character on input line 411.
Package babel Info: Making ; an active character on input line 412.
Package babel Info: Making ! an active character on input line 413.
Package babel Info: Making ? an active character on input line 414.
\FBguill@level=\count93
\FB@everypar=\toks16
\FB@Mht=\dimen104
\mc@charclass=\count94
\mc@charfam=\count95
\mc@charslot=\count96
\std@mcc=\count97
\dec@mcc=\count98
\c@FBcaption@count=\count99
\listindentFB=\skip43
\descindentFB=\skip44
\labelwidthFB=\skip45
\leftmarginFB=\skip46
\parindentFFN=\dimen105
\FBfnindent=\skip47
)) (/usr/share/texlive/texmf-dist/tex/latex/carlisle/scalefnt.sty) (/usr/share/texlive/texmf-dist/tex/latex/base/fix-cm.sty
Package: fix-cm 2015/01/14 v1.1t fixes to LaTeX
 (/usr/share/texlive/texmf-dist/tex/latex/base/ts1enc.def
File: ts1enc.def 2001/06/05 v3.0e (jk/car/fm) Standard LaTeX file
)) (/usr/share/texlive/texmf-dist/tex/latex/amsfonts/amssymb.sty
Package: amssymb 2013/01/14 v3.01 AMS font symbols
 (/usr/share/texlive/texmf-dist/tex/latex/amsfonts/amsfonts.sty
Package: amsfonts 2013/01/14 v3.01 Basic AMSFonts support
\@emptytoks=\toks17
\symAMSa=\mathgroup4
\symAMSb=\mathgroup5
LaTeX Font Info:    Overwriting math alphabet `\mathfrak' in version `bold'
(Font)                  U/euf/m/n --> U/euf/b/n on input line 106.
)) (/usr/share/texlive/texmf-dist/tex/latex/xcolor/xcolor.sty
Package: xcolor 2016/05/11 v2.12 LaTeX color extensions (UK)
 (/usr/share/texlive/texmf-dist/tex/latex/graphics-cfg/color.cfg
File: color.cfg 2016/01/02 v1.6 sample color configuration
)
Package xcolor Info: Driver file: pdftex.def on input line 225.
 (/usr/share/texlive/texmf-dist/tex/latex/graphics-def/pdftex.def
File: pdftex.def 2018/01/08 v1.0l Graphics/color driver for pdftex
) (/usr/share/texlive/texmf-dist/tex/latex/colortbl/colortbl.sty
Package: colortbl 2012/02/13 v1.0a Color table columns (DPC)
 (/usr/share/texlive/texmf-dist/tex/latex/tools/array.sty
Package: array 2016/10/06 v2.4d Tabular extension package (FMi)
\col@sep=\dimen106
\extrarowheight=\dimen107
\NC@list=\toks18
\extratabsurround=\skip48
\backup@length=\skip49
)
\everycr=\toks19
\minrowclearance=\skip50
)
\rownum=\count100
Package xcolor Info: Model `cmy' substituted by `cmy0' on input line 1348.
Package xcolor Info: Model `hsb' substituted by `rgb' on input line 1352.
Package xcolor Info: Model `RGB' extended on input line 1364.
Package xcolor Info: Model `HTML' substituted by `rgb' on input line 1366.
Package xcolor Info: Model `Hsb' substituted by `hsb' on input line 1367.
Package xcolor Info: Model `tHsb' substituted by `hsb' on input line 1368.
Package xcolor Info: Model `HSB' substituted by `hsb' on input line 1369.
Package xcolor Info: Model `Gray' substituted by `gray' on input line 1370.
Package xcolor Info: Model `wave' substituted by `hsb' on input line 1371.
 (/usr/share/texlive/texmf-dist/tex/latex/graphics/dvipsnam.def
File: dvipsnam.def 2016/06/17 v3.0m Driver-dependent file (DPC,SPQR)
) (/usr/share/texlive/texmf-dist/tex/latex/xcolor/svgnam.def
File: svgnam.def 2016/05/11 v2.12 Predefined colors according to SVG 1.1 (UK)
)) (/usr/share/texlive/texmf-dist/tex/latex/siunitx/siunitx.sty (/usr/share/texlive/texmf-dist/tex/latex/l3kernel/expl3.sty
Package: expl3 2018/02/21 L3 programming layer (loader) 
 (/usr/share/texlive/texmf-dist/tex/latex/l3kernel/expl3-code.tex
Package: expl3 2018/02/21 L3 programming layer (code)
\c_max_int=\count101
\l_tmpa_int=\count102
\l_tmpb_int=\count103
\g_tmpa_int=\count104
\g_tmpb_int=\count105
\g__intarray_font_int=\count106
\g__prg_map_int=\count107
\c_log_iow=\count108
\l_iow_line_count_int=\count109
\l__iow_line_target_int=\count110
\l__iow_one_indent_int=\count111
\l__iow_indent_int=\count112
\c_zero_dim=\dimen108
\c_max_dim=\dimen109
\l_tmpa_dim=\dimen110
\l_tmpb_dim=\dimen111
\g_tmpa_dim=\dimen112
\g_tmpb_dim=\dimen113
\c_zero_skip=\skip51
\c_max_skip=\skip52
\l_tmpa_skip=\skip53
\l_tmpb_skip=\skip54
\g_tmpa_skip=\skip55
\g_tmpb_skip=\skip56
\c_zero_muskip=\muskip10
\c_max_muskip=\muskip11
\l_tmpa_muskip=\muskip12
\l_tmpb_muskip=\muskip13
\g_tmpa_muskip=\muskip14
\g_tmpb_muskip=\muskip15
\l_keys_choice_int=\count113
\c__fp_leading_shift_int=\count114
\c__fp_middle_shift_int=\count115
\c__fp_trailing_shift_int=\count116
\c__fp_big_leading_shift_int=\count117
\c__fp_big_middle_shift_int=\count118
\c__fp_big_trailing_shift_int=\count119
\c__fp_Bigg_leading_shift_int=\count120
\c__fp_Bigg_middle_shift_int=\count121
\c__fp_Bigg_trailing_shift_int=\count122
\c__fp_rand_size_int=\count123
\c__fp_rand_four_int=\count124
\c__fp_rand_eight_int=\count125
\l__sort_length_int=\count126
\l__sort_min_int=\count127
\l__sort_top_int=\count128
\l__sort_max_int=\count129
\l__sort_true_max_int=\count130
\l__sort_block_int=\count131
\l__sort_begin_int=\count132
\l__sort_end_int=\count133
\l__sort_A_int=\count134
\l__sort_B_int=\count135
\l__sort_C_int=\count136
\l__tl_build_start_index_int=\count137
\l__tl_build_index_int=\count138
\l__tl_analysis_normal_int=\count139
\l__tl_analysis_index_int=\count140
\l__tl_analysis_nesting_int=\count141
\l__tl_analysis_type_int=\count142
\l__regex_internal_a_int=\count143
\l__regex_internal_b_int=\count144
\l__regex_internal_c_int=\count145
\l__regex_balance_int=\count146
\l__regex_group_level_int=\count147
\l__regex_mode_int=\count148
\c__regex_cs_in_class_mode_int=\count149
\c__regex_cs_mode_int=\count150
\l__regex_catcodes_int=\count151
\l__regex_default_catcodes_int=\count152
\c__regex_catcode_D_int=\count153
\c__regex_catcode_S_int=\count154
\c__regex_catcode_L_int=\count155
\c__regex_catcode_O_int=\count156
\c__regex_catcode_A_int=\count157
\c__regex_all_catcodes_int=\count158
\l__regex_show_lines_int=\count159
\l__regex_min_state_int=\count160
\l__regex_max_state_int=\count161
\l__regex_left_state_int=\count162
\l__regex_right_state_int=\count163
\l__regex_capturing_group_int=\count164
\l__regex_min_pos_int=\count165
\l__regex_max_pos_int=\count166
\l__regex_curr_pos_int=\count167
\l__regex_start_pos_int=\count168
\l__regex_success_pos_int=\count169
\l__regex_curr_char_int=\count170
\l__regex_curr_catcode_int=\count171
\l__regex_last_char_int=\count172
\l__regex_case_changed_char_int=\count173
\l__regex_curr_state_int=\count174
\l__regex_step_int=\count175
\l__regex_min_active_int=\count176
\l__regex_max_active_int=\count177
\l__regex_replacement_csnames_int=\count178
\l__regex_match_count_int=\count179
\l__regex_min_submatch_int=\count180
\l__regex_submatch_int=\count181
\l__regex_zeroth_submatch_int=\count182
\g__regex_trace_regex_int=\count183
\c_empty_box=\box27
\l_tmpa_box=\box28
\l_tmpb_box=\box29
\g_tmpa_box=\box30
\g_tmpb_box=\box31
\l__box_top_dim=\dimen114
\l__box_bottom_dim=\dimen115
\l__box_left_dim=\dimen116
\l__box_right_dim=\dimen117
\l__box_top_new_dim=\dimen118
\l__box_bottom_new_dim=\dimen119
\l__box_left_new_dim=\dimen120
\l__box_right_new_dim=\dimen121
\l__box_internal_box=\box32
\l__coffin_internal_box=\box33
\l__coffin_internal_dim=\dimen122
\l__coffin_offset_x_dim=\dimen123
\l__coffin_offset_y_dim=\dimen124
\l__coffin_x_dim=\dimen125
\l__coffin_y_dim=\dimen126
\l__coffin_x_prime_dim=\dimen127
\l__coffin_y_prime_dim=\dimen128
\c_empty_coffin=\box34
\l__coffin_aligned_coffin=\box35
\l__coffin_aligned_internal_coffin=\box36
\l_tmpa_coffin=\box37
\l_tmpb_coffin=\box38
\l__coffin_display_coffin=\box39
\l__coffin_display_coord_coffin=\box40
\l__coffin_display_pole_coffin=\box41
\l__coffin_display_offset_dim=\dimen129
\l__coffin_display_x_dim=\dimen130
\l__coffin_display_y_dim=\dimen131
\l__coffin_bounding_shift_dim=\dimen132
\l__coffin_left_corner_dim=\dimen133
\l__coffin_right_corner_dim=\dimen134
\l__coffin_bottom_corner_dim=\dimen135
\l__coffin_top_corner_dim=\dimen136
\l__coffin_scaled_total_height_dim=\dimen137
\l__coffin_scaled_width_dim=\dimen138
) (/usr/share/texlive/texmf-dist/tex/latex/l3kernel/l3pdfmode.def
File: l3pdfmode.def 2017/03/18 v L3 Experimental driver: PDF mode
\l__driver_color_stack_int=\count184
\l__driver_tmp_box=\box42
)) (/usr/share/texlive/texmf-dist/tex/latex/l3packages/xparse/xparse.sty
Package: xparse 2018/02/21 L3 Experimental document command parser
\l__xparse_current_arg_int=\count185
\g__xparse_grabber_int=\count186
\l__xparse_m_args_int=\count187
\l__xparse_mandatory_args_int=\count188
\l__xparse_v_nesting_int=\count189
)
Package: siunitx 2017/11/26 v2.7k A comprehensive (SI) units package
 (/usr/share/texlive/texmf-dist/tex/latex/amsmath/amstext.sty
Package: amstext 2000/06/29 v2.01 AMS text
 (/usr/share/texlive/texmf-dist/tex/latex/amsmath/amsgen.sty
File: amsgen.sty 1999/11/30 v2.0 generic functions
\@emptytoks=\toks20
\ex@=\dimen139
)) (/usr/share/texlive/texmf-dist/tex/latex/l3packages/l3keys2e/l3keys2e.sty
Package: l3keys2e 2018/02/21 LaTeX2e option processing using LaTeX3 keys
)
\l__siunitx_tmp_box=\box43
\l__siunitx_tmp_dim=\dimen140
\l__siunitx_tmp_int=\count190
\l__siunitx_number_mantissa_length_int=\count191
\l__siunitx_number_uncert_length_int=\count192
\l__siunitx_round_int=\count193
\l__siunitx_process_decimal_int=\count194
\l__siunitx_process_uncertainty_int=\count195
\l__siunitx_process_fixed_int=\count196
\l__siunitx_process_integer_min_int=\count197
\l__siunitx_process_precision_int=\count198
\l__siunitx_group_min_int=\count199
\l__siunitx_angle_marker_box=\box44
\l__siunitx_angle_unit_box=\box45
\l__siunitx_angle_marker_dim=\dimen141
\l__siunitx_angle_unit_dim=\dimen142
\l__siunitx_unit_int=\count266
\l__siunitx_unit_denominator_int=\count267
\l__siunitx_unit_numerator_int=\count268
\l__siunitx_unit_prefix_int=\count269
\l__siunitx_unit_prefix_base_int=\count270
\l__siunitx_unit_prefix_gram_int=\count271
\l__siunitx_number_product_int=\count272
\c__siunitx_one_fill_skip=\skip57
\l__siunitx_table_unit_align_skip=\skip58
\l__siunitx_table_exponent_dim=\dimen143
\l__siunitx_table_integer_dim=\dimen144
\l__siunitx_table_mantissa_dim=\dimen145
\l__siunitx_table_marker_dim=\dimen146
\l__siunitx_table_result_dim=\dimen147
\l__siunitx_table_uncert_dim=\dimen148
\l__siunitx_table_fill_pre_dim=\dimen149
\l__siunitx_table_fill_post_dim=\dimen150
\l__siunitx_table_fill_mid_dim=\dimen151
\l__siunitx_table_pre_box=\box46
\l__siunitx_table_post_box=\box47
\l__siunitx_table_mantissa_box=\box48
\l__siunitx_table_result_box=\box49
\l__siunitx_table_number_align_skip=\skip59
\l__siunitx_table_text_align_skip=\skip60
.................................................
. LaTeX info: "xparse/define-command"
. 
. Defining command \DeclareBinaryPrefix with sig. 'mmm' on line 7250.
.................................................
.................................................
. LaTeX info: "xparse/define-command"
. 
. Defining command \DeclareSIPostPower with sig. 'mm' on line 7253.
.................................................
.................................................
. LaTeX info: "xparse/define-command"
. 
. Defining command \DeclareSIPrefix with sig. 'mmm' on line 7256.
.................................................
.................................................
. LaTeX info: "xparse/define-command"
. 
. Defining command \DeclareSIPrePower with sig. 'mm' on line 7259.
.................................................
.................................................
. LaTeX info: "xparse/define-command"
. 
. Defining command \DeclareSIQualifier with sig. 'mm' on line 7262.
.................................................
.................................................
. LaTeX info: "xparse/define-command"
. 
. Defining command \DeclareSIUnit with sig. 'O{}mm' on line 7265.
.................................................
.................................................
. LaTeX info: "xparse/define-command"
. 
. Defining command \DeclareSIUnitWithOptions with sig. 'mmm' on line 7268.
.................................................
.................................................
. LaTeX info: "xparse/define-command"
. 
. Defining command \ang with sig. 'o>{\SplitArgument {2}{;}}m' on line 7283.
.................................................
.................................................
. LaTeX info: "xparse/define-command"
. 
. Defining command \num with sig. 'om' on line 7292.
.................................................
.................................................
. LaTeX info: "xparse/define-command"
. 
. Defining command \numlist with sig. 'o>{\SplitList {;}}m' on line 7301.
.................................................
.................................................
. LaTeX info: "xparse/define-command"
. 
. Defining command \numrange with sig. 'omm' on line 7310.
.................................................
.................................................
. LaTeX info: "xparse/define-command"
. 
. Defining command \SIlist with sig. 'o>{\SplitList {;}}mm' on line 7322.
.................................................
.................................................
. LaTeX info: "xparse/define-command"
. 
. Defining command \SIrange with sig. 'ommm' on line 7334.
.................................................
.................................................
. LaTeX info: "xparse/define-command"
. 
. Defining command \SI with sig. 'omom' on line 7346.
.................................................
.................................................
. LaTeX info: "xparse/define-command"
. 
. Defining command \sisetup with sig. 'm' on line 7349.
.................................................
.................................................
. LaTeX info: "xparse/define-command"
. 
. Defining command \tablenum with sig. 'om' on line 7364.
.................................................
.................................................
. LaTeX info: "xparse/define-command"
. 
. Defining command \si with sig. 'om' on line 7376.
.................................................
.................................................
. LaTeX info: "xparse/define-command"
. 
. Defining command \numInBookmark with sig. 'om' on line 7423.
.................................................
.................................................
. LaTeX info: "xparse/define-command"
. 
. Defining command \numrangeInBookmark with sig. 'omm' on line 7425.
.................................................
.................................................
. LaTeX info: "xparse/define-command"
. 
. Defining command \SIInBookmark with sig. 'omom' on line 7427.
.................................................
.................................................
. LaTeX info: "xparse/define-command"
. 
. Defining command \SIlistInBookmark with sig. 'omm' on line 7429.
.................................................
.................................................
. LaTeX info: "xparse/define-command"
. 
. Defining command \SIrangeInBookmark with sig. 'ommm' on line 7431.
.................................................
.................................................
. LaTeX info: "xparse/define-command"
. 
. Defining command \siInBookmark with sig. 'om' on line 7432.
.................................................
\g__file_internal_ior=\read1
 (/usr/share/texlive/texmf-dist/tex/latex/translator/translator.sty
Package: translator 2018/01/04 v1.12 Easy translation of strings in LaTeX
)) (/usr/share/texlive/texmf-dist/tex/latex/base/textcomp.sty
Package: textcomp 2017/04/05 v2.0i Standard LaTeX package
Package textcomp Info: Sub-encoding information:
(textcomp)               5 = only ISO-Adobe without \textcurrency
(textcomp)               4 = 5 + \texteuro
(textcomp)               3 = 4 + \textohm
(textcomp)               2 = 3 + \textestimated + \textcurrency
(textcomp)               1 = TS1 - \textcircled - \t
(textcomp)               0 = TS1 (full)
(textcomp)             Font families with sub-encoding setting implement
(textcomp)             only a restricted character set as indicated.
(textcomp)             Family '?' is the default used for unknown fonts.
(textcomp)             See the documentation for details.
Package textcomp Info: Setting ? sub-encoding to TS1/1 on input line 79.
 (/usr/share/texlive/texmf-dist/tex/latex/base/ts1enc.def
File: ts1enc.def 2001/06/05 v3.0e (jk/car/fm) Standard LaTeX file
LaTeX Font Info:    Redeclaring font encoding TS1 on input line 47.
)
LaTeX Info: Redefining \oldstylenums on input line 334.
Package textcomp Info: Setting cmr sub-encoding to TS1/0 on input line 349.
Package textcomp Info: Setting cmss sub-encoding to TS1/0 on input line 350.
Package textcomp Info: Setting cmtt sub-encoding to TS1/0 on input line 351.
Package textcomp Info: Setting cmvtt sub-encoding to TS1/0 on input line 352.
Package textcomp Info: Setting cmbr sub-encoding to TS1/0 on input line 353.
Package textcomp Info: Setting cmtl sub-encoding to TS1/0 on input line 354.
Package textcomp Info: Setting ccr sub-encoding to TS1/0 on input line 355.
Package textcomp Info: Setting ptm sub-encoding to TS1/4 on input line 356.
Package textcomp Info: Setting pcr sub-encoding to TS1/4 on input line 357.
Package textcomp Info: Setting phv sub-encoding to TS1/4 on input line 358.
Package textcomp Info: Setting ppl sub-encoding to TS1/3 on input line 359.
Package textcomp Info: Setting pag sub-encoding to TS1/4 on input line 360.
Package textcomp Info: Setting pbk sub-encoding to TS1/4 on input line 361.
Package textcomp Info: Setting pnc sub-encoding to TS1/4 on input line 362.
Package textcomp Info: Setting pzc sub-encoding to TS1/4 on input line 363.
Package textcomp Info: Setting bch sub-encoding to TS1/4 on input line 364.
Package textcomp Info: Setting put sub-encoding to TS1/5 on input line 365.
Package textcomp Info: Setting uag sub-encoding to TS1/5 on input line 366.
Package textcomp Info: Setting ugq sub-encoding to TS1/5 on input line 367.
Package textcomp Info: Setting ul8 sub-encoding to TS1/4 on input line 368.
Package textcomp Info: Setting ul9 sub-encoding to TS1/4 on input line 369.
Package textcomp Info: Setting augie sub-encoding to TS1/5 on input line 370.
Package textcomp Info: Setting dayrom sub-encoding to TS1/3 on input line 371.
Package textcomp Info: Setting dayroms sub-encoding to TS1/3 on input line 372.
Package textcomp Info: Setting pxr sub-encoding to TS1/0 on input line 373.
Package textcomp Info: Setting pxss sub-encoding to TS1/0 on input line 374.
Package textcomp Info: Setting pxtt sub-encoding to TS1/0 on input line 375.
Package textcomp Info: Setting txr sub-encoding to TS1/0 on input line 376.
Package textcomp Info: Setting txss sub-encoding to TS1/0 on input line 377.
Package textcomp Info: Setting txtt sub-encoding to TS1/0 on input line 378.
Package textcomp Info: Setting lmr sub-encoding to TS1/0 on input line 379.
Package textcomp Info: Setting lmdh sub-encoding to TS1/0 on input line 380.
Package textcomp Info: Setting lmss sub-encoding to TS1/0 on input line 381.
Package textcomp Info: Setting lmssq sub-encoding to TS1/0 on input line 382.
Package textcomp Info: Setting lmvtt sub-encoding to TS1/0 on input line 383.
Package textcomp Info: Setting lmtt sub-encoding to TS1/0 on input line 384.
Package textcomp Info: Setting qhv sub-encoding to TS1/0 on input line 385.
Package textcomp Info: Setting qag sub-encoding to TS1/0 on input line 386.
Package textcomp Info: Setting qbk sub-encoding to TS1/0 on input line 387.
Package textcomp Info: Setting qcr sub-encoding to TS1/0 on input line 388.
Package textcomp Info: Setting qcs sub-encoding to TS1/0 on input line 389.
Package textcomp Info: Setting qpl sub-encoding to TS1/0 on input line 390.
Package textcomp Info: Setting qtm sub-encoding to TS1/0 on input line 391.
Package textcomp Info: Setting qzc sub-encoding to TS1/0 on input line 392.
Package textcomp Info: Setting qhvc sub-encoding to TS1/0 on input line 393.
Package textcomp Info: Setting futs sub-encoding to TS1/4 on input line 394.
Package textcomp Info: Setting futx sub-encoding to TS1/4 on input line 395.
Package textcomp Info: Setting futj sub-encoding to TS1/4 on input line 396.
Package textcomp Info: Setting hlh sub-encoding to TS1/3 on input line 397.
Package textcomp Info: Setting hls sub-encoding to TS1/3 on input line 398.
Package textcomp Info: Setting hlst sub-encoding to TS1/3 on input line 399.
Package textcomp Info: Setting hlct sub-encoding to TS1/5 on input line 400.
Package textcomp Info: Setting hlx sub-encoding to TS1/5 on input line 401.
Package textcomp Info: Setting hlce sub-encoding to TS1/5 on input line 402.
Package textcomp Info: Setting hlcn sub-encoding to TS1/5 on input line 403.
Package textcomp Info: Setting hlcw sub-encoding to TS1/5 on input line 404.
Package textcomp Info: Setting hlcf sub-encoding to TS1/5 on input line 405.
Package textcomp Info: Setting pplx sub-encoding to TS1/3 on input line 406.
Package textcomp Info: Setting pplj sub-encoding to TS1/3 on input line 407.
Package textcomp Info: Setting ptmx sub-encoding to TS1/4 on input line 408.
Package textcomp Info: Setting ptmj sub-encoding to TS1/4 on input line 409.
)
(/home/nicolas/texmf/tex/latex/local/twemojis/twemojis.sty
Package: twemojis 2021/04/19 v1.2 LaTeX twemojis (twemoji v13.0.2)
 (/usr/share/texlive/texmf-dist/tex/latex/pgf/frontendlayer/tikz.sty (/usr/share/texlive/texmf-dist/tex/latex/pgf/basiclayer/pgf.sty (/usr/share/texlive/texmf-dist/tex/latex/pgf/utilities/pgfrcs.sty (/usr/share/texlive/texmf-dist/tex/generic/pgf/utilities/pgfutil-common.tex
\pgfutil@everybye=\toks21
\pgfutil@tempdima=\dimen152
\pgfutil@tempdimb=\dimen153
 (/usr/share/texlive/texmf-dist/tex/generic/pgf/utilities/pgfutil-common-lists.tex)) (/usr/share/texlive/texmf-dist/tex/generic/pgf/utilities/pgfutil-latex.def
\pgfutil@abb=\box50
 (/usr/share/texlive/texmf-dist/tex/latex/ms/everyshi.sty
Package: everyshi 2001/05/15 v3.00 EveryShipout Package (MS)
)) (/usr/share/texlive/texmf-dist/tex/generic/pgf/utilities/pgfrcs.code.tex
Package: pgfrcs 2015/08/07 v3.0.1a (rcs-revision 1.31)
))
Package: pgf 2015/08/07 v3.0.1a (rcs-revision 1.15)
 (/usr/share/texlive/texmf-dist/tex/latex/pgf/basiclayer/pgfcore.sty (/usr/share/texlive/texmf-dist/tex/latex/graphics/graphicx.sty
Package: graphicx 2017/06/01 v1.1a Enhanced LaTeX Graphics (DPC,SPQR)
 (/usr/share/texlive/texmf-dist/tex/latex/graphics/graphics.sty
Package: graphics 2017/06/25 v1.2c Standard LaTeX Graphics (DPC,SPQR)
 (/usr/share/texlive/texmf-dist/tex/latex/graphics/trig.sty
Package: trig 2016/01/03 v1.10 sin cos tan (DPC)
) (/usr/share/texlive/texmf-dist/tex/latex/graphics-cfg/graphics.cfg
File: graphics.cfg 2016/06/04 v1.11 sample graphics configuration
)
Package graphics Info: Driver file: pdftex.def on input line 99.
)
\Gin@req@height=\dimen154
\Gin@req@width=\dimen155
) (/usr/share/texlive/texmf-dist/tex/latex/pgf/systemlayer/pgfsys.sty (/usr/share/texlive/texmf-dist/tex/generic/pgf/systemlayer/pgfsys.code.tex
Package: pgfsys 2014/07/09 v3.0.1a (rcs-revision 1.48)
 (/usr/share/texlive/texmf-dist/tex/generic/pgf/utilities/pgfkeys.code.tex
\pgfkeys@pathtoks=\toks22
\pgfkeys@temptoks=\toks23
 (/usr/share/texlive/texmf-dist/tex/generic/pgf/utilities/pgfkeysfiltered.code.tex
\pgfkeys@tmptoks=\toks24
))
\pgf@x=\dimen156
\pgf@y=\dimen157
\pgf@xa=\dimen158
\pgf@ya=\dimen159
\pgf@xb=\dimen160
\pgf@yb=\dimen161
\pgf@xc=\dimen162
\pgf@yc=\dimen163
\w@pgf@writea=\write3
\r@pgf@reada=\read2
\c@pgf@counta=\count273
\c@pgf@countb=\count274
\c@pgf@countc=\count275
\c@pgf@countd=\count276
\t@pgf@toka=\toks25
\t@pgf@tokb=\toks26
\t@pgf@tokc=\toks27
 (/usr/share/texlive/texmf-dist/tex/generic/pgf/systemlayer/pgf.cfg
File: pgf.cfg 2008/05/14  (rcs-revision 1.7)
)
Driver file for pgf: pgfsys-pdftex.def
 (/usr/share/texlive/texmf-dist/tex/generic/pgf/systemlayer/pgfsys-pdftex.def
File: pgfsys-pdftex.def 2014/10/11  (rcs-revision 1.35)
 (/usr/share/texlive/texmf-dist/tex/generic/pgf/systemlayer/pgfsys-common-pdf.def
File: pgfsys-common-pdf.def 2013/10/10  (rcs-revision 1.13)
))) (/usr/share/texlive/texmf-dist/tex/generic/pgf/systemlayer/pgfsyssoftpath.code.tex
File: pgfsyssoftpath.code.tex 2013/09/09  (rcs-revision 1.9)
\pgfsyssoftpath@smallbuffer@items=\count277
\pgfsyssoftpath@bigbuffer@items=\count278
) (/usr/share/texlive/texmf-dist/tex/generic/pgf/systemlayer/pgfsysprotocol.code.tex
File: pgfsysprotocol.code.tex 2006/10/16  (rcs-revision 1.4)
)) (/usr/share/texlive/texmf-dist/tex/generic/pgf/basiclayer/pgfcore.code.tex
Package: pgfcore 2010/04/11 v3.0.1a (rcs-revision 1.7)
 (/usr/share/texlive/texmf-dist/tex/generic/pgf/math/pgfmath.code.tex (/usr/share/texlive/texmf-dist/tex/generic/pgf/math/pgfmathcalc.code.tex (/usr/share/texlive/texmf-dist/tex/generic/pgf/math/pgfmathutil.code.tex)
(/usr/share/texlive/texmf-dist/tex/generic/pgf/math/pgfmathparser.code.tex
\pgfmath@dimen=\dimen164
\pgfmath@count=\count279
\pgfmath@box=\box51
\pgfmath@toks=\toks28
\pgfmath@stack@operand=\toks29
\pgfmath@stack@operation=\toks30
) (/usr/share/texlive/texmf-dist/tex/generic/pgf/math/pgfmathfunctions.code.tex (/usr/share/texlive/texmf-dist/tex/generic/pgf/math/pgfmathfunctions.basic.code.tex) (/usr/share/texlive/texmf-dist/tex/generic/pgf/math/pgfmathfunctions.trigonometric.code.tex) (/usr/share/texlive/texmf-dist/tex/generic/pgf/math/pgfmathfunctions.random.code.tex) (/usr/share/texlive/texmf-dist/tex/generic/pgf/math/pgfmathfunctions.comparison.code.tex) (/usr/share/texlive/texmf-dist/tex/generic/pgf/math/pgfmathfunctions.base.code.tex) (/usr/share/texlive/texmf-dist/tex/generic/pgf/math/pgfmathfunctions.round.code.tex) (/usr/share/texlive/texmf-dist/tex/generic/pgf/math/pgfmathfunctions.misc.code.tex) (/usr/share/texlive/texmf-dist/tex/generic/pgf/math/pgfmathfunctions.integerarithmetics.code.tex))) (/usr/share/texlive/texmf-dist/tex/generic/pgf/math/pgfmathfloat.code.tex
\c@pgfmathroundto@lastzeros=\count280
)) (/usr/share/texlive/texmf-dist/tex/generic/pgf/basiclayer/pgfcorepoints.code.tex
File: pgfcorepoints.code.tex 2013/10/07  (rcs-revision 1.27)
\pgf@picminx=\dimen165
\pgf@picmaxx=\dimen166
\pgf@picminy=\dimen167
\pgf@picmaxy=\dimen168
\pgf@pathminx=\dimen169
\pgf@pathmaxx=\dimen170
\pgf@pathminy=\dimen171
\pgf@pathmaxy=\dimen172
\pgf@xx=\dimen173
\pgf@xy=\dimen174
\pgf@yx=\dimen175
\pgf@yy=\dimen176
\pgf@zx=\dimen177
\pgf@zy=\dimen178
) (/usr/share/texlive/texmf-dist/tex/generic/pgf/basiclayer/pgfcorepathconstruct.code.tex
File: pgfcorepathconstruct.code.tex 2013/10/07  (rcs-revision 1.29)
\pgf@path@lastx=\dimen179
\pgf@path@lasty=\dimen180
) (/usr/share/texlive/texmf-dist/tex/generic/pgf/basiclayer/pgfcorepathusage.code.tex
File: pgfcorepathusage.code.tex 2014/11/02  (rcs-revision 1.24)
\pgf@shorten@end@additional=\dimen181
\pgf@shorten@start@additional=\dimen182
) (/usr/share/texlive/texmf-dist/tex/generic/pgf/basiclayer/pgfcorescopes.code.tex
File: pgfcorescopes.code.tex 2015/05/08  (rcs-revision 1.46)
\pgfpic=\box52
\pgf@hbox=\box53
\pgf@layerbox@main=\box54
\pgf@picture@serial@count=\count281
) (/usr/share/texlive/texmf-dist/tex/generic/pgf/basiclayer/pgfcoregraphicstate.code.tex
File: pgfcoregraphicstate.code.tex 2014/11/02  (rcs-revision 1.12)
\pgflinewidth=\dimen183
) (/usr/share/texlive/texmf-dist/tex/generic/pgf/basiclayer/pgfcoretransformations.code.tex
File: pgfcoretransformations.code.tex 2015/08/07  (rcs-revision 1.20)
\pgf@pt@x=\dimen184
\pgf@pt@y=\dimen185
\pgf@pt@temp=\dimen186
) (/usr/share/texlive/texmf-dist/tex/generic/pgf/basiclayer/pgfcorequick.code.tex
File: pgfcorequick.code.tex 2008/10/09  (rcs-revision 1.3)
) (/usr/share/texlive/texmf-dist/tex/generic/pgf/basiclayer/pgfcoreobjects.code.tex
File: pgfcoreobjects.code.tex 2006/10/11  (rcs-revision 1.2)
) (/usr/share/texlive/texmf-dist/tex/generic/pgf/basiclayer/pgfcorepathprocessing.code.tex
File: pgfcorepathprocessing.code.tex 2013/09/09  (rcs-revision 1.9)
) (/usr/share/texlive/texmf-dist/tex/generic/pgf/basiclayer/pgfcorearrows.code.tex
File: pgfcorearrows.code.tex 2015/05/14  (rcs-revision 1.43)
\pgfarrowsep=\dimen187
) (/usr/share/texlive/texmf-dist/tex/generic/pgf/basiclayer/pgfcoreshade.code.tex
File: pgfcoreshade.code.tex 2013/07/15  (rcs-revision 1.15)
\pgf@max=\dimen188
\pgf@sys@shading@range@num=\count282
) (/usr/share/texlive/texmf-dist/tex/generic/pgf/basiclayer/pgfcoreimage.code.tex
File: pgfcoreimage.code.tex 2013/07/15  (rcs-revision 1.18)

(/usr/share/texlive/texmf-dist/tex/generic/pgf/basiclayer/pgfcoreexternal.code.tex
File: pgfcoreexternal.code.tex 2014/07/09  (rcs-revision 1.21)
\pgfexternal@startupbox=\box55
)) (/usr/share/texlive/texmf-dist/tex/generic/pgf/basiclayer/pgfcorelayers.code.tex
File: pgfcorelayers.code.tex 2013/07/18  (rcs-revision 1.7)
) (/usr/share/texlive/texmf-dist/tex/generic/pgf/basiclayer/pgfcoretransparency.code.tex
File: pgfcoretransparency.code.tex 2013/09/30  (rcs-revision 1.5)
) (/usr/share/texlive/texmf-dist/tex/generic/pgf/basiclayer/pgfcorepatterns.code.tex
File: pgfcorepatterns.code.tex 2013/11/07  (rcs-revision 1.5)
))) (/usr/share/texlive/texmf-dist/tex/generic/pgf/modules/pgfmoduleshapes.code.tex
File: pgfmoduleshapes.code.tex 2014/03/21  (rcs-revision 1.35)
\pgfnodeparttextbox=\box56
) (/usr/share/texlive/texmf-dist/tex/generic/pgf/modules/pgfmoduleplot.code.tex
File: pgfmoduleplot.code.tex 2015/08/03  (rcs-revision 1.13)
) (/usr/share/texlive/texmf-dist/tex/latex/pgf/compatibility/pgfcomp-version-0-65.sty
Package: pgfcomp-version-0-65 2007/07/03 v3.0.1a (rcs-revision 1.7)
\pgf@nodesepstart=\dimen189
\pgf@nodesepend=\dimen190
) (/usr/share/texlive/texmf-dist/tex/latex/pgf/compatibility/pgfcomp-version-1-18.sty
Package: pgfcomp-version-1-18 2007/07/23 v3.0.1a (rcs-revision 1.1)
)) (/usr/share/texlive/texmf-dist/tex/latex/pgf/utilities/pgffor.sty (/usr/share/texlive/texmf-dist/tex/latex/pgf/utilities/pgfkeys.sty (/usr/share/texlive/texmf-dist/tex/generic/pgf/utilities/pgfkeys.code.tex)) (/usr/share/texlive/texmf-dist/tex/latex/pgf/math/pgfmath.sty (/usr/share/texlive/texmf-dist/tex/generic/pgf/math/pgfmath.code.tex)) (/usr/share/texlive/texmf-dist/tex/generic/pgf/utilities/pgffor.code.tex
Package: pgffor 2013/12/13 v3.0.1a (rcs-revision 1.25)
 (/usr/share/texlive/texmf-dist/tex/generic/pgf/math/pgfmath.code.tex)
\pgffor@iter=\dimen191
\pgffor@skip=\dimen192
\pgffor@stack=\toks31
\pgffor@toks=\toks32
)) (/usr/share/texlive/texmf-dist/tex/generic/pgf/frontendlayer/tikz/tikz.code.tex
Package: tikz 2015/08/07 v3.0.1a (rcs-revision 1.151)
 (/usr/share/texlive/texmf-dist/tex/generic/pgf/libraries/pgflibraryplothandlers.code.tex
File: pgflibraryplothandlers.code.tex 2013/08/31 v3.0.1a (rcs-revision 1.20)
\pgf@plot@mark@count=\count283
\pgfplotmarksize=\dimen193
)
\tikz@lastx=\dimen194
\tikz@lasty=\dimen195
\tikz@lastxsaved=\dimen196
\tikz@lastysaved=\dimen197
\tikzleveldistance=\dimen198
\tikzsiblingdistance=\dimen199
\tikz@figbox=\box57
\tikz@figbox@bg=\box58
\tikz@tempbox=\box59
\tikz@tempbox@bg=\box60
\tikztreelevel=\count284
\tikznumberofchildren=\count285
\tikznumberofcurrentchild=\count286
\tikz@fig@count=\count287
 (/usr/share/texlive/texmf-dist/tex/generic/pgf/modules/pgfmodulematrix.code.tex
File: pgfmodulematrix.code.tex 2013/09/17  (rcs-revision 1.8)
\pgfmatrixcurrentrow=\count288
\pgfmatrixcurrentcolumn=\count289
\pgf@matrix@numberofcolumns=\count290
)
\tikz@expandcount=\count291
 (/usr/share/texlive/texmf-dist/tex/generic/pgf/frontendlayer/tikz/libraries/tikzlibrarytopaths.code.tex
File: tikzlibrarytopaths.code.tex 2008/06/17 v3.0.1a (rcs-revision 1.2)
))) (/usr/share/texlive/texmf-dist/tex/latex/base/ifthen.sty
Package: ifthen 2014/09/29 v1.1c Standard LaTeX ifthen package (DPC)
)
\twemojiDefaultHeight=\skip61
) (/home/nicolas/texmf/tex/latex/local/custikz.sty
Package: custikz 
 (/usr/share/texlive/texmf-dist/tex/generic/pgf/frontendlayer/tikz/libraries/tikzlibraryarrows.code.tex
File: tikzlibraryarrows.code.tex 2008/01/09 v3.0.1a (rcs-revision 1.1)
 (/usr/share/texlive/texmf-dist/tex/generic/pgf/libraries/pgflibraryarrows.code.tex
File: pgflibraryarrows.code.tex 2013/09/23 v3.0.1a (rcs-revision 1.16)
\arrowsize=\dimen256
)) (/usr/share/texlive/texmf-dist/tex/generic/pgf/libraries/pgflibraryarrows.meta.code.tex
File: pgflibraryarrows.meta.code.tex 2015/05/13 v3.0.1a (rcs-revision 1.13)
\pgfarrowinset=\dimen257
\pgfarrowlength=\dimen258
\pgfarrowwidth=\dimen259
\pgfarrowlinewidth=\dimen260
)
(/usr/share/texlive/texmf-dist/tex/generic/pgf/frontendlayer/tikz/libraries/tikzlibraryangles.code.tex
File: tikzlibraryangles.code.tex 2013/08/28 v3.0.1a (rcs-revision 1.1)
) (/usr/share/texlive/texmf-dist/tex/generic/pgf/frontendlayer/tikz/libraries/tikzlibrarybending.code.tex
File: tikzlibrarybending.code.tex 2013/09/17 v3.0.1a (rcs-revision 1.2)
 (/usr/share/texlive/texmf-dist/tex/generic/pgf/modules/pgfmodulebending.code.tex
File: pgfmodulebending.code.tex 2013/09/30 v3.0.1a (rcs-revision 1.18)
 (/usr/share/texlive/texmf-dist/tex/generic/pgf/modules/pgfmodulenonlineartransformations.code.tex
File: pgfmodulenonlineartransformations.code.tex 2013/10/09 v3.0.1a (rcs-revision 1.4)
\pgftransformnonlinearflatness=\dimen261
) (/usr/share/texlive/texmf-dist/tex/generic/pgf/libraries/pgflibrarycurvilinear.code.tex
File: pgflibrarycurvilinear.code.tex 2015/05/14 v3.0.1a (rcs-revision 1.4)
\pgf@curvilinear@time@a=\dimen262
\pgf@curvilinear@length@a=\dimen263
\pgf@curvilinear@length@b=\dimen264
\pgf@curvilinear@length@c=\dimen265
\pgf@curvilinear@length@d=\dimen266
)
\pgf@arrows@the@rigidity=\dimen267
)) (/usr/share/texlive/texmf-dist/tex/generic/pgf/frontendlayer/tikz/libraries/tikzlibrarycalc.code.tex
File: tikzlibrarycalc.code.tex 2013/07/15 v3.0.1a (rcs-revision 1.9)
) (/usr/share/texlive/texmf-dist/tex/generic/pgf/frontendlayer/tikz/libraries/tikzlibraryfadings.code.tex
File: tikzlibraryfadings.code.tex 2009/11/15 v3.0.1a (rcs-revision 1.2)
 (/usr/share/texlive/texmf-dist/tex/generic/pgf/libraries/pgflibraryfadings.code.tex
File: pgflibraryfadings.code.tex 2008/02/07 v3.0.1a (rcs-revision 1.3)
)) (/usr/share/texlive/texmf-dist/tex/generic/pgf/frontendlayer/tikz/libraries/tikzlibraryintersections.code.tex (/usr/share/texlive/texmf-dist/tex/generic/pgf/libraries/pgflibraryintersections.code.tex (/usr/share/texlive/texmf-dist/tex/generic/pgf/libraries/pgflibraryfpu.code.tex)
\pgf@intersect@solutions=\count292
)) (/usr/share/texlive/texmf-dist/tex/generic/pgf/frontendlayer/tikz/libraries/tikzlibrarypatterns.code.tex
File: tikzlibrarypatterns.code.tex 2008/01/15 v3.0.1a (rcs-revision 1.2)
 (/usr/share/texlive/texmf-dist/tex/generic/pgf/libraries/pgflibrarypatterns.code.tex
File: pgflibrarypatterns.code.tex 2008/03/03 v3.0.1a (rcs-revision 1.13)
)) (/usr/share/texlive/texmf-dist/tex/generic/pgf/frontendlayer/tikz/libraries/tikzlibrarypositioning.code.tex
File: tikzlibrarypositioning.code.tex 2008/10/06 v3.0.1a (rcs-revision 1.7)
) (/usr/share/texlive/texmf-dist/tex/generic/pgf/frontendlayer/tikz/libraries/tikzlibraryplotmarks.code.tex
File: tikzlibraryplotmarks.code.tex 2008/01/09 v3.0.1a (rcs-revision 1.1)
 (/usr/share/texlive/texmf-dist/tex/generic/pgf/libraries/pgflibraryplotmarks.code.tex
File: pgflibraryplotmarks.code.tex 2015/08/03 v3.0.1a (rcs-revision 1.14)
)) (/usr/share/texlive/texmf-dist/tex/generic/pgf/frontendlayer/tikz/libraries/tikzlibraryquotes.code.tex
File: tikzlibraryquotes.code.tex 2014/03/21 v3.0.1a (rcs-revision 1.4)
) (/usr/share/texlive/texmf-dist/tex/generic/pgf/frontendlayer/tikz/libraries/tikzlibrarytrees.code.tex
File: tikzlibrarytrees.code.tex 2008/02/24 v3.0.1a (rcs-revision 1.2)
) (/usr/share/texlive/texmf-dist/tex/generic/pgf/frontendlayer/tikz/libraries/tikzlibrarybackgrounds.code.tex
File: tikzlibrarybackgrounds.code.tex 2013/07/18 v3.0.1a (rcs-revision 1.3)
\pgf@layerbox@background=\box61
\pgf@layerboxsaved@background=\box62
) (/usr/share/texlive/texmf-dist/tex/generic/pgf/frontendlayer/tikz/libraries/tikzlibrarymatrix.code.tex
File: tikzlibrarymatrix.code.tex 2013/07/12 v3.0.1a (rcs-revision 1.4)
)
(/usr/share/texlive/texmf-dist/tex/generic/pgf/frontendlayer/tikz/libraries/tikzlibraryshapes.code.tex
File: tikzlibraryshapes.code.tex 2008/01/09 v3.0.1a (rcs-revision 1.1)
 (/usr/share/texlive/texmf-dist/tex/generic/pgf/frontendlayer/tikz/libraries/tikzlibraryshapes.geometric.code.tex
File: tikzlibraryshapes.geometric.code.tex 2008/01/09 v3.0.1a (rcs-revision 1.1)
 (/usr/share/texlive/texmf-dist/tex/generic/pgf/libraries/shapes/pgflibraryshapes.geometric.code.tex
File: pgflibraryshapes.geometric.code.tex 2008/06/26 v3.0.1a (rcs-revision 1.1)
)) (/usr/share/texlive/texmf-dist/tex/generic/pgf/frontendlayer/tikz/libraries/tikzlibraryshapes.misc.code.tex
File: tikzlibraryshapes.misc.code.tex 2008/01/09 v3.0.1a (rcs-revision 1.1)
 (/usr/share/texlive/texmf-dist/tex/generic/pgf/libraries/shapes/pgflibraryshapes.misc.code.tex
File: pgflibraryshapes.misc.code.tex 2013/07/18 v3.0.1a (rcs-revision 1.5)
)) (/usr/share/texlive/texmf-dist/tex/generic/pgf/frontendlayer/tikz/libraries/tikzlibraryshapes.symbols.code.tex
File: tikzlibraryshapes.symbols.code.tex 2008/01/09 v3.0.1a (rcs-revision 1.1)
 (/usr/share/texlive/texmf-dist/tex/generic/pgf/libraries/shapes/pgflibraryshapes.symbols.code.tex
File: pgflibraryshapes.symbols.code.tex 2013/09/11 v3.0.1a (rcs-revision 1.6)
)) (/usr/share/texlive/texmf-dist/tex/generic/pgf/frontendlayer/tikz/libraries/tikzlibraryshapes.arrows.code.tex
File: tikzlibraryshapes.arrows.code.tex 2008/01/09 v3.0.1a (rcs-revision 1.1)
 (/usr/share/texlive/texmf-dist/tex/generic/pgf/libraries/shapes/pgflibraryshapes.arrows.code.tex
File: pgflibraryshapes.arrows.code.tex 2008/06/26 v3.0.1a (rcs-revision 1.1)
)) (/usr/share/texlive/texmf-dist/tex/generic/pgf/frontendlayer/tikz/libraries/tikzlibraryshapes.callouts.code.tex (/usr/share/texlive/texmf-dist/tex/generic/pgf/libraries/shapes/pgflibraryshapes.callouts.code.tex)) (/usr/share/texlive/texmf-dist/tex/generic/pgf/frontendlayer/tikz/libraries/tikzlibraryshapes.multipart.code.tex
File: tikzlibraryshapes.multipart.code.tex 2008/01/09 v3.0.1a (rcs-revision 1.1)
 (/usr/share/texlive/texmf-dist/tex/generic/pgf/libraries/shapes/pgflibraryshapes.multipart.code.tex
File: pgflibraryshapes.multipart.code.tex 2010/01/07 v3.0.1a (rcs-revision 1.2)
\pgfnodepartlowerbox=\box63
\pgfnodeparttwobox=\box64
\pgfnodepartthreebox=\box65
\pgfnodepartfourbox=\box66
\pgfnodeparttwentybox=\box67
\pgfnodepartnineteenbox=\box68
\pgfnodeparteighteenbox=\box69
\pgfnodepartseventeenbox=\box70
\pgfnodepartsixteenbox=\box71
\pgfnodepartfifteenbox=\box72
\pgfnodepartfourteenbox=\box73
\pgfnodepartthirteenbox=\box74
\pgfnodeparttwelvebox=\box75
\pgfnodepartelevenbox=\box76
\pgfnodeparttenbox=\box77
\pgfnodepartninebox=\box78
\pgfnodeparteightbox=\box79
\pgfnodepartsevenbox=\box80
\pgfnodepartsixbox=\box81
\pgfnodepartfivebox=\box82
))) (/usr/share/texlive/texmf-dist/tex/generic/pgf/frontendlayer/tikz/libraries/tikzlibrarydecorations.markings.code.tex (/usr/share/texlive/texmf-dist/tex/generic/pgf/frontendlayer/tikz/libraries/tikzlibrarydecorations.code.tex (/usr/share/texlive/texmf-dist/tex/generic/pgf/modules/pgfmoduledecorations.code.tex
\pgfdecoratedcompleteddistance=\dimen268
\pgfdecoratedremainingdistance=\dimen269
\pgfdecoratedinputsegmentcompleteddistance=\dimen270
\pgfdecoratedinputsegmentremainingdistance=\dimen271
\pgf@decorate@distancetomove=\dimen272
\pgf@decorate@repeatstate=\count293
\pgfdecorationsegmentamplitude=\dimen273
\pgfdecorationsegmentlength=\dimen274
)
\tikz@lib@dec@box=\box83
) (/usr/share/texlive/texmf-dist/tex/generic/pgf/libraries/decorations/pgflibrarydecorations.markings.code.tex)) (/usr/share/texlive/texmf-dist/tex/generic/pgf/frontendlayer/tikz/libraries/tikzlibrarydecorations.pathmorphing.code.tex
(/usr/share/texlive/texmf-dist/tex/generic/pgf/libraries/decorations/pgflibrarydecorations.pathmorphing.code.tex)) (/usr/share/texlive/texmf-dist/tex/generic/pgf/frontendlayer/tikz/libraries/tikzlibrarydecorations.pathreplacing.code.tex (/usr/share/texlive/texmf-dist/tex/generic/pgf/libraries/decorations/pgflibrarydecorations.pathreplacing.code.tex)) (/home/nicolas/texmf/tex/latex/local/circuitikz/tex/circuitikz.sty
Package: circuitikz 2021/09/06{} The CircuiTikz circuit drawing package version 1.4.3
 (/usr/share/texlive/texmf-dist/tex/generic/pgf/frontendlayer/tikz/libraries/tikzlibraryfpu.code.tex) (/home/nicolas/texmf/tex/latex/local/circuitikz/tex/pgfcirc.defines.tex
\pgf@circ@count@a=\count294
\pgf@circ@count@b=\count295
\pgf@circ@count@c=\count296
\pgf@circ@res@up=\dimen275
\pgf@circ@res@down=\dimen276
\pgf@circ@res@zero=\dimen277
\pgf@circ@res@left=\dimen278
\pgf@circ@res@right=\dimen279
\pgf@circ@res@other=\dimen280
\pgf@circ@res@step=\dimen281
\pgf@circ@res@temp=\dimen282
\pgf@circ@Rlen=\dimen283
\pgf@circ@scaled@Rlen=\dimen284
\pgfstartlinewidth=\dimen285
) (/home/nicolas/texmf/tex/latex/local/circuitikz/tex/pgfcircutils.tex
\ctikz@scratchbox=\box84

/home/nicolas/texmf/tex/latex/local/circuitikz/tex/pgfcircutils.tex:103: Undefined control sequence.
l.103 \pgfutil@protected
                        \def\ctikzsubcircuitdef#1#2#3{%
The control sequence at the end of the top line
of your error message was never \def'ed. If you have
misspelled it (e.g., `\hobx'), type `I' and the correct
spelling (e.g., `I\hbox'). Otherwise just continue,
and I'll forget about whatever was undefined.

/home/nicolas/texmf/tex/latex/local/circuitikz/tex/pgfcircutils.tex:160: Undefined control sequence.
l.160 ...spaces@do\expandafter{\pgfutil@trimspaces
                                                  {#1}}
The control sequence at the end of the top line
of your error message was never \def'ed. If you have
misspelled it (e.g., `\hobx'), type `I' and the correct
spelling (e.g., `I\hbox'). Otherwise just continue,
and I'll forget about whatever was undefined.

/home/nicolas/texmf/tex/latex/local/circuitikz/tex/pgfcircutils.tex:209: Undefined control sequence.
l.209 \pgfutil@protected
                        \def\pgf@circ@set@list#1#2%
The control sequence at the end of the top line
of your error message was never \def'ed. If you have
misspelled it (e.g., `\hobx'), type `I' and the correct
spelling (e.g., `I\hbox'). Otherwise just continue,
and I'll forget about whatever was undefined.

/home/nicolas/texmf/tex/latex/local/circuitikz/tex/pgfcircutils.tex:315: Undefined control sequence.
l.315 \pgfutil@protected
                        \def\pgf@circ@if@num@in@list#1#2%
The control sequence at the end of the top line
of your error message was never \def'ed. If you have
misspelled it (e.g., `\hobx'), type `I' and the correct
spelling (e.g., `I\hbox'). Otherwise just continue,
and I'll forget about whatever was undefined.

/home/nicolas/texmf/tex/latex/local/circuitikz/tex/pgfcircutils.tex:333: Undefined control sequence.
l.333 \pgfutil@protected
                        \def\pgf@circ@if@num@in@list@a#1#2%
The control sequence at the end of the top line
of your error message was never \def'ed. If you have
misspelled it (e.g., `\hobx'), type `I' and the correct
spelling (e.g., `I\hbox'). Otherwise just continue,
and I'll forget about whatever was undefined.

/home/nicolas/texmf/tex/latex/local/circuitikz/tex/pgfcircutils.tex:336: Undefined control sequence.
l.336 \pgfutil@protected
                        \def\pgf@circ@if@num@in@list@b#1#2%
The control sequence at the end of the top line
of your error message was never \def'ed. If you have
misspelled it (e.g., `\hobx'), type `I' and the correct
spelling (e.g., `I\hbox'). Otherwise just continue,
and I'll forget about whatever was undefined.

) (/home/nicolas/texmf/tex/latex/local/circuitikz/tex/pgfcircpath.tex) (/home/nicolas/texmf/tex/latex/local/circuitikz/tex/pgfcircshapes.tex) (/home/nicolas/texmf/tex/latex/local/circuitikz/tex/pgfcircmonopoles.tex) (/home/nicolas/texmf/tex/latex/local/circuitikz/tex/pgfcircbipoles.tex) (/home/nicolas/texmf/tex/latex/local/circuitikz/tex/pgfcirctripoles.tex
\pgf@circ@res@count=\count297
) (/home/nicolas/texmf/tex/latex/local/circuitikz/tex/pgfcircquadpoles.tex) (/home/nicolas/texmf/tex/latex/local/circuitikz/tex/pgfcircmultipoles.tex
/home/nicolas/texmf/tex/latex/local/circuitikz/tex/pgfcircmultipoles.tex:131: Undefined control sequence.
l.131 \pgfutil@protected
                        \def\pgf@circ@make@dippin@anchor#1%
The control sequence at the end of the top line
of your error message was never \def'ed. If you have
misspelled it (e.g., `\hobx'), type `I' and the correct
spelling (e.g., `I\hbox'). Otherwise just continue,
and I'll forget about whatever was undefined.

/home/nicolas/texmf/tex/latex/local/circuitikz/tex/pgfcircmultipoles.tex:362: Undefined control sequence.
l.362 \pgfutil@protected
                        \def\pgf@circ@make@qfppin@anchor#1%
The control sequence at the end of the top line
of your error message was never \def'ed. If you have
misspelled it (e.g., `\hobx'), type `I' and the correct
spelling (e.g., `I\hbox'). Otherwise just continue,
and I'll forget about whatever was undefined.

/home/nicolas/texmf/tex/latex/local/circuitikz/tex/pgfcircmultipoles.tex:1612: Undefined control sequence.
l.1612 \pgfutil@protected
                         \def\pgf@circ@make@muxdemux@L@anchor#1%
The control sequence at the end of the top line
of your error message was never \def'ed. If you have
misspelled it (e.g., `\hobx'), type `I' and the correct
spelling (e.g., `I\hbox'). Otherwise just continue,
and I'll forget about whatever was undefined.

/home/nicolas/texmf/tex/latex/local/circuitikz/tex/pgfcircmultipoles.tex:1624: Undefined control sequence.
l.1624 \pgfutil@protected
                         \def\pgf@circ@make@muxdemux@R@anchor#1%
The control sequence at the end of the top line
of your error message was never \def'ed. If you have
misspelled it (e.g., `\hobx'), type `I' and the correct
spelling (e.g., `I\hbox'). Otherwise just continue,
and I'll forget about whatever was undefined.

/home/nicolas/texmf/tex/latex/local/circuitikz/tex/pgfcircmultipoles.tex:1636: Undefined control sequence.
l.1636 \pgfutil@protected
                         \def\pgf@circ@make@muxdemux@B@anchor#1%
The control sequence at the end of the top line
of your error message was never \def'ed. If you have
misspelled it (e.g., `\hobx'), type `I' and the correct
spelling (e.g., `I\hbox'). Otherwise just continue,
and I'll forget about whatever was undefined.

/home/nicolas/texmf/tex/latex/local/circuitikz/tex/pgfcircmultipoles.tex:1648: Undefined control sequence.
l.1648 \pgfutil@protected
                         \def\pgf@circ@make@muxdemux@T@anchor#1%
The control sequence at the end of the top line
of your error message was never \def'ed. If you have
misspelled it (e.g., `\hobx'), type `I' and the correct
spelling (e.g., `I\hbox'). Otherwise just continue,
and I'll forget about whatever was undefined.

) (/home/nicolas/texmf/tex/latex/local/circuitikz/tex/pgfcirclabel.tex) (/home/nicolas/texmf/tex/latex/local/circuitikz/tex/pgfcircvoltage.tex
\pgfcirc@labelshift=\dimen286
) (/home/nicolas/texmf/tex/latex/local/circuitikz/tex/pgfcirccurrent.tex) (/home/nicolas/texmf/tex/latex/local/circuitikz/tex/pgfcircflow.tex)) (/usr/share/texlive/texmf-dist/tex/generic/pgf/frontendlayer/tikz/libraries/tikzlibrarybabel.code.tex
File: tikzlibrarybabel.code.tex 2013/06/24 v3.0.1a (rcs-revision 1.1)
) (/home/nicolas/texmf/tex/latex/local/tikzlibraryoptics.code.tex (/usr/share/texlive/texmf-dist/tex/latex/etoolbox/etoolbox.sty
Package: etoolbox 2018/02/11 v2.5e e-TeX tools for LaTeX (JAW)
\etb@tempcnta=\count298
))) (/usr/share/texlive/texmf-dist/tex/latex/pgfplots/pgfplots.sty (/usr/share/texlive/texmf-dist/tex/generic/pgfplots/pgfplots.revision.tex)
Package: pgfplots 2017/06/05 v1.15 Data Visualization (1.15)
 (/usr/share/texlive/texmf-dist/tex/generic/pgfplots/pgfplots.code.tex (/usr/share/texlive/texmf-dist/tex/generic/pgfplots/pgfplotscore.code.tex
\t@pgfplots@toka=\toks33
\t@pgfplots@tokb=\toks34
\t@pgfplots@tokc=\toks35
\pgfplots@tmpa=\dimen287
\c@pgfplots@coordindex=\count299
\c@pgfplots@scanlineindex=\count300
 (/usr/share/texlive/texmf-dist/tex/generic/pgfplots/sys/pgfplotssysgeneric.code.tex)) (/usr/share/texlive/texmf-dist/tex/generic/pgfplots/libs/pgfplotslibrary.code.tex) (/usr/share/texlive/texmf-dist/tex/generic/pgfplots/oldpgfcompatib/pgfplotsoldpgfsupp_loader.code.tex
Package pgfplots: loading complementary arithmetics for your pgf version...
(/usr/share/texlive/texmf-dist/tex/generic/pgfplots/oldpgfcompatib/pgfplotsoldpgfsupp_pgflibraryfpu.code.tex) (/usr/share/texlive/texmf-dist/tex/generic/pgfplots/oldpgfcompatib/pgfplotsoldpgfsupp_pgfmathfloat.code.tex
\c@pgfmathroundto@lastzeros=\count301
)) (/usr/share/texlive/texmf-dist/tex/generic/pgfplots/util/pgfplotsutil.code.tex (/usr/share/texlive/texmf-dist/tex/generic/pgfplots/liststructure/pgfplotsliststructure.code.tex) (/usr/share/texlive/texmf-dist/tex/generic/pgfplots/liststructure/pgfplotsliststructureext.code.tex) (/usr/share/texlive/texmf-dist/tex/generic/pgfplots/liststructure/pgfplotsarray.code.tex
\c@pgfplotsarray@tmp=\count302
) (/usr/share/texlive/texmf-dist/tex/generic/pgfplots/liststructure/pgfplotsmatrix.code.tex) (/usr/share/texlive/texmf-dist/tex/generic/pgfplots/numtable/pgfplotstableshared.code.tex
\c@pgfplotstable@counta=\count303
\t@pgfplotstable@a=\toks36
) (/usr/share/texlive/texmf-dist/tex/generic/pgfplots/liststructure/pgfplotsdeque.code.tex) (/usr/share/texlive/texmf-dist/tex/generic/pgfplots/util/pgfplotsbinary.code.tex (/usr/share/texlive/texmf-dist/tex/generic/pgfplots/util/pgfplotsbinary.data.code.tex)) (/usr/share/texlive/texmf-dist/tex/generic/pgfplots/util/pgfplotsutil.verb.code.tex) (/usr/share/texlive/texmf-dist/tex/generic/pgfplots/libs/pgflibrarypgfplots.surfshading.code.tex
\c@pgfplotslibrarysurf@no=\count304
 (/usr/share/texlive/texmf-dist/tex/generic/pgfplots/sys/pgflibrarypgfplots.surfshading.pgfsys-pdftex.def))) (/usr/share/texlive/texmf-dist/tex/generic/pgfplots/util/pgfplotscolormap.code.tex (/usr/share/texlive/texmf-dist/tex/generic/pgfplots/util/pgfplotscolor.code.tex)) (/usr/share/texlive/texmf-dist/tex/generic/pgfplots/pgfplotsstackedplots.code.tex) (/usr/share/texlive/texmf-dist/tex/generic/pgfplots/pgfplotsplothandlers.code.tex (/usr/share/texlive/texmf-dist/tex/generic/pgfplots/pgfplotsmeshplothandler.code.tex (/usr/share/texlive/texmf-dist/tex/generic/pgfplots/pgfplotsmeshplotimage.code.tex))) (/usr/share/texlive/texmf-dist/tex/generic/pgfplots/pgfplots.scaling.code.tex) (/usr/share/texlive/texmf-dist/tex/generic/pgfplots/pgfplotscoordprocessing.code.tex)
(/usr/share/texlive/texmf-dist/tex/generic/pgfplots/pgfplots.errorbars.code.tex) (/usr/share/texlive/texmf-dist/tex/generic/pgfplots/pgfplots.markers.code.tex) (/usr/share/texlive/texmf-dist/tex/generic/pgfplots/pgfplotsticks.code.tex) (/usr/share/texlive/texmf-dist/tex/generic/pgfplots/pgfplots.paths.code.tex)
\pgfplots@numplots=\count305
\pgfplots@xmin@reg=\dimen288
\pgfplots@xmax@reg=\dimen289
\pgfplots@ymin@reg=\dimen290
\pgfplots@ymax@reg=\dimen291
\pgfplots@zmin@reg=\dimen292
\pgfplots@zmax@reg=\dimen293
)) (/usr/share/texlive/texmf-dist/tex/latex/pgfplots/pgfplotstable.sty (/usr/share/texlive/texmf-dist/tex/generic/pgfplots/pgfplots.revision.tex)
Package: pgfplotstable 2017/06/05 v1.15 Table typesetting and Pretty-printing (1.15)
 (/usr/share/texlive/texmf-dist/tex/generic/pgfplots/numtable/pgfplotstable.code.tex (/usr/share/texlive/texmf-dist/tex/generic/pgfplots/numtable/pgfplotstable.coltype.code.tex))) (/usr/share/texlive/texmf-dist/tex/generic/pgfplots/libs/tikzlibrarypgfplots.statistics.code.tex) (/home/nicolas/texmf/tex/latex/local/locdef.sty
Package: locdef 
))
\pgf@layerbox@foreground=\box85
\pgf@layerboxsaved@foreground=\box86
 (/usr/share/texlive/texmf-dist/tex/latex/psnfss/pifont.sty
Package: pifont 2005/04/12 PSNFSS-v9.2a Pi font support (SPQR) 
LaTeX Font Info:    Try loading font information for U+pzd on input line 63.
 (/usr/share/texlive/texmf-dist/tex/latex/psnfss/upzd.fd
File: upzd.fd 2001/06/04 font definitions for U/pzd.
)
LaTeX Font Info:    Try loading font information for U+psy on input line 64.
 (/usr/share/texlive/texmf-dist/tex/latex/psnfss/upsy.fd
File: upsy.fd 2001/06/04 font definitions for U/psy.
)) (./snana_layout.aux)
\openout1 = `snana_layout.aux'.

LaTeX Font Info:    Checking defaults for OML/cmm/m/it on input line 11.
LaTeX Font Info:    ... okay on input line 11.
LaTeX Font Info:    Checking defaults for T1/cmr/m/n on input line 11.
LaTeX Font Info:    ... okay on input line 11.
LaTeX Font Info:    Checking defaults for OT1/cmr/m/n on input line 11.
LaTeX Font Info:    ... okay on input line 11.
LaTeX Font Info:    Checking defaults for OMS/cmsy/m/n on input line 11.
LaTeX Font Info:    ... okay on input line 11.
LaTeX Font Info:    Checking defaults for OMX/cmex/m/n on input line 11.
LaTeX Font Info:    ... okay on input line 11.
LaTeX Font Info:    Checking defaults for U/cmr/m/n on input line 11.
LaTeX Font Info:    ... okay on input line 11.
LaTeX Font Info:    Checking defaults for TS1/cmr/m/n on input line 11.
LaTeX Font Info:    ... okay on input line 11.
LaTeX Info: Redefining \degres on input line 11.
LaTeX Info: Redefining \dots on input line 11.
LaTeX Info: Redefining \up on input line 11.
 (/usr/share/texlive/texmf-dist/tex/context/base/mkii/supp-pdf.mkii
[Loading MPS to PDF converter (version 2006.09.02).]
\scratchcounter=\count306
\scratchdimen=\dimen294
\scratchbox=\box87
\nofMPsegments=\count307
\nofMParguments=\count308
\everyMPshowfont=\toks37
\MPscratchCnt=\count309
\MPscratchDim=\dimen295
\MPnumerator=\count310
\makeMPintoPDFobject=\count311
\everyMPtoPDFconversion=\toks38
) (/usr/share/texlive/texmf-dist/tex/latex/oberdiek/epstopdf-base.sty
Package: epstopdf-base 2016/05/15 v2.6 Base part for package epstopdf
 (/usr/share/texlive/texmf-dist/tex/generic/oberdiek/infwarerr.sty
Package: infwarerr 2016/05/16 v1.4 Providing info/warning/error messages (HO)
) (/usr/share/texlive/texmf-dist/tex/latex/oberdiek/grfext.sty
Package: grfext 2016/05/16 v1.2 Manage graphics extensions (HO)
 (/usr/share/texlive/texmf-dist/tex/generic/oberdiek/kvdefinekeys.sty
Package: kvdefinekeys 2016/05/16 v1.4 Define keys (HO)
 (/usr/share/texlive/texmf-dist/tex/generic/oberdiek/ltxcmds.sty
Package: ltxcmds 2016/05/16 v1.23 LaTeX kernel commands for general use (HO)
))) (/usr/share/texlive/texmf-dist/tex/latex/oberdiek/kvoptions.sty
Package: kvoptions 2016/05/16 v3.12 Key value format for package options (HO)
 (/usr/share/texlive/texmf-dist/tex/generic/oberdiek/kvsetkeys.sty
Package: kvsetkeys 2016/05/16 v1.17 Key value parser (HO)
 (/usr/share/texlive/texmf-dist/tex/generic/oberdiek/etexcmds.sty
Package: etexcmds 2016/05/16 v1.6 Avoid name clashes with e-TeX commands (HO)
Package etexcmds Info: Could not find \expanded.
(etexcmds)             That can mean that you are not using pdfTeX 1.50 or
(etexcmds)             that some package has redefined \expanded.
(etexcmds)             In the latter case, load this package earlier.
))) (/usr/share/texlive/texmf-dist/tex/generic/oberdiek/pdftexcmds.sty
Package: pdftexcmds 2018/01/21 v0.26 Utility functions of pdfTeX for LuaTeX (HO)
Package pdftexcmds Info: LuaTeX not detected.
Package pdftexcmds Info: \pdf@primitive is available.
Package pdftexcmds Info: \pdf@ifprimitive is available.
Package pdftexcmds Info: \pdfdraftmode found.
)
Package epstopdf-base Info: Redefining graphics rule for `.eps' on input line 438.
Package grfext Info: Graphics extension search list:
(grfext)             [.pdf,.png,.jpg,.mps,.jpeg,.jbig2,.jb2,.PDF,.PNG,.JPG,.JPEG,.JBIG2,.JB2,.eps]
(grfext)             \AppendGraphicsExtensions on input line 456.
 (/usr/share/texlive/texmf-dist/tex/latex/latexconfig/epstopdf-sys.cfg
File: epstopdf-sys.cfg 2010/07/13 v1.3 Configuration of (r)epstopdf for TeX Live
)) (/usr/share/texlive/texmf-dist/tex/latex/translator/translator-basic-dictionary-English.dict
Dictionary: translator-basic-dictionary, Language: English 
) (/usr/share/texlive/texmf-dist/tex/latex/siunitx/siunitx-abbreviations.cfg
File: siunitx-abbreviations.cfg 2017/11/26 v2.7k siunitx: Abbreviated units
)
.................................................
. LaTeX info: "xparse/define-command"
. 
. Defining command \highlight with sig. '' on line 11.
.................................................
.................................................
. LaTeX info: "xparse/define-command"
. 
. Defining command \per with sig. '' on line 11.
.................................................
.................................................
. LaTeX info: "xparse/define-command"
. 
. Defining command \raiseto with sig. '' on line 11.
.................................................
.................................................
. LaTeX info: "xparse/define-command"
. 
. Defining command \tothe with sig. '' on line 11.
.................................................
.................................................
. LaTeX info: "xparse/define-command"
. 
. Defining command \kilogram with sig. '' on line 11.
.................................................
.................................................
. LaTeX info: "xparse/define-command"
. 
. Defining command \metre with sig. '' on line 11.
.................................................
.................................................
. LaTeX info: "xparse/define-command"
. 
. Defining command \meter with sig. '' on line 11.
.................................................
.................................................
. LaTeX info: "xparse/define-command"
. 
. Defining command \mole with sig. '' on line 11.
.................................................
.................................................
. LaTeX info: "xparse/define-command"
. 
. Defining command \second with sig. '' on line 11.
.................................................
.................................................
. LaTeX info: "xparse/define-command"
. 
. Defining command \ampere with sig. '' on line 11.
.................................................
.................................................
. LaTeX info: "xparse/define-command"
. 
. Defining command \kelvin with sig. '' on line 11.
.................................................
.................................................
. LaTeX info: "xparse/define-command"
. 
. Defining command \candela with sig. '' on line 11.
.................................................
.................................................
. LaTeX info: "xparse/define-command"
. 
. Defining command \gram with sig. '' on line 11.
.................................................
.................................................
. LaTeX info: "xparse/define-command"
. 
. Defining command \yocto with sig. '' on line 11.
.................................................
.................................................
. LaTeX info: "xparse/define-command"
. 
. Defining command \zepto with sig. '' on line 11.
.................................................
.................................................
. LaTeX info: "xparse/define-command"
. 
. Defining command \atto with sig. '' on line 11.
.................................................
.................................................
. LaTeX info: "xparse/define-command"
. 
. Defining command \femto with sig. '' on line 11.
.................................................
.................................................
. LaTeX info: "xparse/define-command"
. 
. Defining command \pico with sig. '' on line 11.
.................................................
.................................................
. LaTeX info: "xparse/define-command"
. 
. Defining command \nano with sig. '' on line 11.
.................................................
.................................................
. LaTeX info: "xparse/define-command"
. 
. Defining command \micro with sig. '' on line 11.
.................................................
.................................................
. LaTeX info: "xparse/define-command"
. 
. Defining command \milli with sig. '' on line 11.
.................................................
.................................................
. LaTeX info: "xparse/define-command"
. 
. Defining command \centi with sig. '' on line 11.
.................................................
.................................................
. LaTeX info: "xparse/define-command"
. 
. Defining command \deci with sig. '' on line 11.
.................................................
.................................................
. LaTeX info: "xparse/define-command"
. 
. Defining command \deca with sig. '' on line 11.
.................................................
.................................................
. LaTeX info: "xparse/define-command"
. 
. Defining command \deka with sig. '' on line 11.
.................................................
.................................................
. LaTeX info: "xparse/define-command"
. 
. Defining command \hecto with sig. '' on line 11.
.................................................
.................................................
. LaTeX info: "xparse/define-command"
. 
. Defining command \kilo with sig. '' on line 11.
.................................................
.................................................
. LaTeX info: "xparse/define-command"
. 
. Defining command \mega with sig. '' on line 11.
.................................................
.................................................
. LaTeX info: "xparse/define-command"
. 
. Defining command \giga with sig. '' on line 11.
.................................................
.................................................
. LaTeX info: "xparse/define-command"
. 
. Defining command \tera with sig. '' on line 11.
.................................................
.................................................
. LaTeX info: "xparse/define-command"
. 
. Defining command \peta with sig. '' on line 11.
.................................................
.................................................
. LaTeX info: "xparse/define-command"
. 
. Defining command \exa with sig. '' on line 11.
.................................................
.................................................
. LaTeX info: "xparse/define-command"
. 
. Defining command \zetta with sig. '' on line 11.
.................................................
.................................................
. LaTeX info: "xparse/define-command"
. 
. Defining command \yotta with sig. '' on line 11.
.................................................
.................................................
. LaTeX info: "xparse/define-command"
. 
. Defining command \becquerel with sig. '' on line 11.
.................................................
.................................................
. LaTeX info: "xparse/define-command"
. 
. Defining command \celsius with sig. '' on line 11.
.................................................
.................................................
. LaTeX info: "xparse/define-command"
. 
. Defining command \degreeCelsius with sig. '' on line 11.
.................................................
.................................................
. LaTeX info: "xparse/define-command"
. 
. Defining command \coulomb with sig. '' on line 11.
.................................................
.................................................
. LaTeX info: "xparse/define-command"
. 
. Defining command \farad with sig. '' on line 11.
.................................................
.................................................
. LaTeX info: "xparse/define-command"
. 
. Defining command \gray with sig. '' on line 11.
.................................................
.................................................
. LaTeX info: "xparse/define-command"
. 
. Defining command \hertz with sig. '' on line 11.
.................................................
.................................................
. LaTeX info: "xparse/define-command"
. 
. Defining command \henry with sig. '' on line 11.
.................................................
.................................................
. LaTeX info: "xparse/define-command"
. 
. Defining command \joule with sig. '' on line 11.
.................................................
.................................................
. LaTeX info: "xparse/define-command"
. 
. Defining command \katal with sig. '' on line 11.
.................................................
.................................................
. LaTeX info: "xparse/define-command"
. 
. Defining command \lumen with sig. '' on line 11.
.................................................
.................................................
. LaTeX info: "xparse/define-command"
. 
. Defining command \lux with sig. '' on line 11.
.................................................
.................................................
. LaTeX info: "xparse/define-command"
. 
. Defining command \newton with sig. '' on line 11.
.................................................
.................................................
. LaTeX info: "xparse/define-command"
. 
. Defining command \ohm with sig. '' on line 11.
.................................................
.................................................
. LaTeX info: "xparse/define-command"
. 
. Defining command \pascal with sig. '' on line 11.
.................................................
.................................................
. LaTeX info: "xparse/define-command"
. 
. Defining command \radian with sig. '' on line 11.
.................................................
.................................................
. LaTeX info: "xparse/define-command"
. 
. Defining command \siemens with sig. '' on line 11.
.................................................
.................................................
. LaTeX info: "xparse/define-command"
. 
. Defining command \sievert with sig. '' on line 11.
.................................................
.................................................
. LaTeX info: "xparse/define-command"
. 
. Defining command \steradian with sig. '' on line 11.
.................................................
.................................................
. LaTeX info: "xparse/define-command"
. 
. Defining command \tesla with sig. '' on line 11.
.................................................
.................................................
. LaTeX info: "xparse/define-command"
. 
. Defining command \volt with sig. '' on line 11.
.................................................
.................................................
. LaTeX info: "xparse/define-command"
. 
. Defining command \watt with sig. '' on line 11.
.................................................
.................................................
. LaTeX info: "xparse/define-command"
. 
. Defining command \weber with sig. '' on line 11.
.................................................
.................................................
. LaTeX info: "xparse/define-command"
. 
. Defining command \arcmin with sig. '' on line 11.
.................................................
.................................................
. LaTeX info: "xparse/define-command"
. 
. Defining command \arcminute with sig. '' on line 11.
.................................................
.................................................
. LaTeX info: "xparse/define-command"
. 
. Defining command \arcsecond with sig. '' on line 11.
.................................................
.................................................
. LaTeX info: "xparse/define-command"
. 
. Defining command \degree with sig. '' on line 11.
.................................................
.................................................
. LaTeX info: "xparse/define-command"
. 
. Defining command \hectare with sig. '' on line 11.
.................................................
.................................................
. LaTeX info: "xparse/define-command"
. 
. Defining command \hour with sig. '' on line 11.
.................................................
.................................................
. LaTeX info: "xparse/define-command"
. 
. Defining command \litre with sig. '' on line 11.
.................................................
.................................................
. LaTeX info: "xparse/define-command"
. 
. Defining command \liter with sig. '' on line 11.
.................................................
.................................................
. LaTeX info: "xparse/define-command"
. 
. Defining command \minute with sig. '' on line 11.
.................................................
.................................................
. LaTeX info: "xparse/define-command"
. 
. Defining command \percent with sig. '' on line 11.
.................................................
.................................................
. LaTeX info: "xparse/define-command"
. 
. Defining command \tonne with sig. '' on line 11.
.................................................
.................................................
. LaTeX info: "xparse/define-command"
. 
. Defining command \astronomicalunit with sig. '' on line 11.
.................................................
.................................................
. LaTeX info: "xparse/define-command"
. 
. Defining command \atomicmassunit with sig. '' on line 11.
.................................................
.................................................
. LaTeX info: "xparse/define-command"
. 
. Defining command \electronvolt with sig. '' on line 11.
.................................................
.................................................
. LaTeX info: "xparse/define-command"
. 
. Defining command \dalton with sig. '' on line 11.
.................................................
.................................................
. LaTeX info: "xparse/define-command"
. 
. Defining command \clight with sig. '' on line 11.
.................................................
.................................................
. LaTeX info: "xparse/define-command"
. 
. Defining command \electronmass with sig. '' on line 11.
.................................................
.................................................
. LaTeX info: "xparse/define-command"
. 
. Defining command \planckbar with sig. '' on line 11.
.................................................
.................................................
. LaTeX info: "xparse/define-command"
. 
. Defining command \elementarycharge with sig. '' on line 11.
.................................................
.................................................
. LaTeX info: "xparse/define-command"
. 
. Defining command \bohr with sig. '' on line 11.
.................................................
.................................................
. LaTeX info: "xparse/define-command"
. 
. Defining command \hartree with sig. '' on line 11.
.................................................
.................................................
. LaTeX info: "xparse/define-command"
. 
. Defining command \angstrom with sig. '' on line 11.
.................................................
.................................................
. LaTeX info: "xparse/define-command"
. 
. Defining command \barn with sig. '' on line 11.
.................................................
.................................................
. LaTeX info: "xparse/define-command"
. 
. Defining command \bel with sig. '' on line 11.
.................................................
.................................................
. LaTeX info: "xparse/define-command"
. 
. Defining command \decibel with sig. '' on line 11.
.................................................
.................................................
. LaTeX info: "xparse/define-command"
. 
. Defining command \knot with sig. '' on line 11.
.................................................
.................................................
. LaTeX info: "xparse/define-command"
. 
. Defining command \mmHg with sig. '' on line 11.
.................................................
.................................................
. LaTeX info: "xparse/define-command"
. 
. Defining command \nauticalmile with sig. '' on line 11.
.................................................
.................................................
. LaTeX info: "xparse/define-command"
. 
. Defining command \neper with sig. '' on line 11.
.................................................
.................................................
. LaTeX info: "xparse/define-command"
. 
. Defining command \squared with sig. '' on line 11.
.................................................
.................................................
. LaTeX info: "xparse/define-command"
. 
. Defining command \cubic with sig. '' on line 11.
.................................................
.................................................
. LaTeX info: "xparse/define-command"
. 
. Defining command \cubed with sig. '' on line 11.
.................................................
.................................................
. LaTeX info: "xparse/define-command"
. 
. Defining command \pc with sig. '' on line 11.
.................................................
.................................................
. LaTeX info: "xparse/define-command"
. 
. Defining command \as with sig. '' on line 11.
.................................................
.................................................
. LaTeX info: "xparse/define-command"
. 
. Defining command \pA with sig. '' on line 11.
.................................................
.................................................
. LaTeX info: "xparse/define-command"
. 
. Defining command \nA with sig. '' on line 11.
.................................................
.................................................
. LaTeX info: "xparse/define-command"
. 
. Defining command \uA with sig. '' on line 11.
.................................................
.................................................
. LaTeX info: "xparse/define-command"
. 
. Defining command \mA with sig. '' on line 11.
.................................................
.................................................
. LaTeX info: "xparse/define-command"
. 
. Defining command \kA with sig. '' on line 11.
.................................................
.................................................
. LaTeX info: "xparse/define-command"
. 
. Defining command \Hz with sig. '' on line 11.
.................................................
.................................................
. LaTeX info: "xparse/define-command"
. 
. Defining command \mHz with sig. '' on line 11.
.................................................
.................................................
. LaTeX info: "xparse/define-command"
. 
. Defining command \kHz with sig. '' on line 11.
.................................................
.................................................
. LaTeX info: "xparse/define-command"
. 
. Defining command \MHz with sig. '' on line 11.
.................................................
.................................................
. LaTeX info: "xparse/define-command"
. 
. Defining command \GHz with sig. '' on line 11.
.................................................
.................................................
. LaTeX info: "xparse/define-command"
. 
. Defining command \THz with sig. '' on line 11.
.................................................
.................................................
. LaTeX info: "xparse/define-command"
. 
. Defining command \mol with sig. '' on line 11.
.................................................
.................................................
. LaTeX info: "xparse/define-command"
. 
. Defining command \fmol with sig. '' on line 11.
.................................................
.................................................
. LaTeX info: "xparse/define-command"
. 
. Defining command \pmol with sig. '' on line 11.
.................................................
.................................................
. LaTeX info: "xparse/define-command"
. 
. Defining command \nmol with sig. '' on line 11.
.................................................
.................................................
. LaTeX info: "xparse/define-command"
. 
. Defining command \umol with sig. '' on line 11.
.................................................
.................................................
. LaTeX info: "xparse/define-command"
. 
. Defining command \mmol with sig. '' on line 11.
.................................................
.................................................
. LaTeX info: "xparse/define-command"
. 
. Defining command \kmol with sig. '' on line 11.
.................................................
.................................................
. LaTeX info: "xparse/define-command"
. 
. Defining command \V with sig. '' on line 11.
.................................................
.................................................
. LaTeX info: "xparse/define-command"
. 
. Defining command \pV with sig. '' on line 11.
.................................................
.................................................
. LaTeX info: "xparse/define-command"
. 
. Defining command \nV with sig. '' on line 11.
.................................................
.................................................
. LaTeX info: "xparse/define-command"
. 
. Defining command \uV with sig. '' on line 11.
.................................................
.................................................
. LaTeX info: "xparse/define-command"
. 
. Defining command \mV with sig. '' on line 11.
.................................................
.................................................
. LaTeX info: "xparse/define-command"
. 
. Defining command \kV with sig. '' on line 11.
.................................................
.................................................
. LaTeX info: "xparse/define-command"
. 
. Defining command \hl with sig. '' on line 11.
.................................................
.................................................
. LaTeX info: "xparse/define-command"
. 
. Defining command \ml with sig. '' on line 11.
.................................................
.................................................
. LaTeX info: "xparse/define-command"
. 
. Defining command \ul with sig. '' on line 11.
.................................................
.................................................
. LaTeX info: "xparse/define-command"
. 
. Defining command \hL with sig. '' on line 11.
.................................................
.................................................
. LaTeX info: "xparse/define-command"
. 
. Defining command \mL with sig. '' on line 11.
.................................................
.................................................
. LaTeX info: "xparse/define-command"
. 
. Defining command \uL with sig. '' on line 11.
.................................................
.................................................
. LaTeX info: "xparse/define-command"
. 
. Defining command \pg with sig. '' on line 11.
.................................................
.................................................
. LaTeX info: "xparse/define-command"
. 
. Defining command \ug with sig. '' on line 11.
.................................................
.................................................
. LaTeX info: "xparse/define-command"
. 
. Defining command \mg with sig. '' on line 11.
.................................................
.................................................
. LaTeX info: "xparse/define-command"
. 
. Defining command \kg with sig. '' on line 11.
.................................................
.................................................
. LaTeX info: "xparse/define-command"
. 
. Defining command \amu with sig. '' on line 11.
.................................................
.................................................
. LaTeX info: "xparse/define-command"
. 
. Defining command \W with sig. '' on line 11.
.................................................
.................................................
. LaTeX info: "xparse/define-command"
. 
. Defining command \uW with sig. '' on line 11.
.................................................
.................................................
. LaTeX info: "xparse/define-command"
. 
. Defining command \mW with sig. '' on line 11.
.................................................
.................................................
. LaTeX info: "xparse/define-command"
. 
. Defining command \kW with sig. '' on line 11.
.................................................
.................................................
. LaTeX info: "xparse/define-command"
. 
. Defining command \MW with sig. '' on line 11.
.................................................
.................................................
. LaTeX info: "xparse/define-command"
. 
. Defining command \GW with sig. '' on line 11.
.................................................
.................................................
. LaTeX info: "xparse/define-command"
. 
. Defining command \J with sig. '' on line 11.
.................................................
.................................................
. LaTeX info: "xparse/define-command"
. 
. Defining command \kJ with sig. '' on line 11.
.................................................
.................................................
. LaTeX info: "xparse/define-command"
. 
. Defining command \eV with sig. '' on line 11.
.................................................
.................................................
. LaTeX info: "xparse/define-command"
. 
. Defining command \meV with sig. '' on line 11.
.................................................
.................................................
. LaTeX info: "xparse/define-command"
. 
. Defining command \keV with sig. '' on line 11.
.................................................
.................................................
. LaTeX info: "xparse/define-command"
. 
. Defining command \MeV with sig. '' on line 11.
.................................................
.................................................
. LaTeX info: "xparse/define-command"
. 
. Defining command \GeV with sig. '' on line 11.
.................................................
.................................................
. LaTeX info: "xparse/define-command"
. 
. Defining command \TeV with sig. '' on line 11.
.................................................
.................................................
. LaTeX info: "xparse/define-command"
. 
. Defining command \kWh with sig. '' on line 11.
.................................................
.................................................
. LaTeX info: "xparse/define-command"
. 
. Defining command \nm with sig. '' on line 11.
.................................................
.................................................
. LaTeX info: "xparse/define-command"
. 
. Defining command \um with sig. '' on line 11.
.................................................
.................................................
. LaTeX info: "xparse/define-command"
. 
. Defining command \mm with sig. '' on line 11.
.................................................
.................................................
. LaTeX info: "xparse/define-command"
. 
. Defining command \cm with sig. '' on line 11.
.................................................
.................................................
. LaTeX info: "xparse/define-command"
. 
. Defining command \dm with sig. '' on line 11.
.................................................
.................................................
. LaTeX info: "xparse/define-command"
. 
. Defining command \km with sig. '' on line 11.
.................................................
.................................................
. LaTeX info: "xparse/define-command"
. 
. Defining command \K with sig. '' on line 11.
.................................................
.................................................
. LaTeX info: "xparse/define-command"
. 
. Defining command \dB with sig. '' on line 11.
.................................................
.................................................
. LaTeX info: "xparse/define-command"
. 
. Defining command \fF with sig. '' on line 11.
.................................................
.................................................
. LaTeX info: "xparse/define-command"
. 
. Defining command \pF with sig. '' on line 11.
.................................................
.................................................
. LaTeX info: "xparse/define-command"
. 
. Defining command \N with sig. '' on line 11.
.................................................
.................................................
. LaTeX info: "xparse/define-command"
. 
. Defining command \mN with sig. '' on line 11.
.................................................
.................................................
. LaTeX info: "xparse/define-command"
. 
. Defining command \kN with sig. '' on line 11.
.................................................
.................................................
. LaTeX info: "xparse/define-command"
. 
. Defining command \MN with sig. '' on line 11.
.................................................
.................................................
. LaTeX info: "xparse/define-command"
. 
. Defining command \Pa with sig. '' on line 11.
.................................................
.................................................
. LaTeX info: "xparse/define-command"
. 
. Defining command \kPa with sig. '' on line 11.
.................................................
.................................................
. LaTeX info: "xparse/define-command"
. 
. Defining command \MPa with sig. '' on line 11.
.................................................
.................................................
. LaTeX info: "xparse/define-command"
. 
. Defining command \GPa with sig. '' on line 11.
.................................................
.................................................
. LaTeX info: "xparse/define-command"
. 
. Defining command \mohm with sig. '' on line 11.
.................................................
.................................................
. LaTeX info: "xparse/define-command"
. 
. Defining command \kohm with sig. '' on line 11.
.................................................
.................................................
. LaTeX info: "xparse/define-command"
. 
. Defining command \Mohm with sig. '' on line 11.
.................................................
.................................................
. LaTeX info: "xparse/define-command"
. 
. Defining command \fs with sig. '' on line 11.
.................................................
.................................................
. LaTeX info: "xparse/define-command"
. 
. Defining command \ps with sig. '' on line 11.
.................................................
.................................................
. LaTeX info: "xparse/define-command"
. 
. Defining command \ns with sig. '' on line 11.
.................................................
.................................................
. LaTeX info: "xparse/define-command"
. 
. Defining command \us with sig. '' on line 11.
.................................................
.................................................
. LaTeX info: "xparse/define-command"
. 
. Defining command \ms with sig. '' on line 11.
.................................................
 ABD: EveryShipout initializing macros
Package pgfplots notification 'compat/show suggested version=true': document has been generated with the most recent feature set (\pgfplotsset{compat=1.15}).

\c__siunitx_mathsf_int=\count312
LaTeX Font Info:    Try loading font information for U+msa on input line 11.
(/usr/share/texlive/texmf-dist/tex/latex/amsfonts/umsa.fd
File: umsa.fd 2013/01/14 v3.01 AMS symbols A
)
LaTeX Font Info:    Try loading font information for U+msb on input line 11.
 (/usr/share/texlive/texmf-dist/tex/latex/amsfonts/umsb.fd
File: umsb.fd 2013/01/14 v3.01 AMS symbols B
)
\c__siunitx_mathtt_int=\count313
PGFPlots: reading {../data/mdist.txt}
PGFPlots: reading {../data/basemodel.txt}
PGFPlots: reading {../data/casym.txt}
PGFPlots: reading {../data/SDSS.txt}

NOTE: coordinate (2Y5.0e0],3Y0.0e0]) has been dropped because it is unbounded (in y). (see also unbounded coords=jump). 
NOTE: coordinate (2Y4.58334e0],3Y0.0e0]) has been dropped because it is unbounded (in y). (see also unbounded coords=jump). 
NOTE: coordinate (2Y4.16668e0],3Y0.0e0]) has been dropped because it is unbounded (in y). (see also unbounded coords=jump). 
NOTE: coordinate (2Y3.75002e0],3Y0.0e0]) has been dropped because it is unbounded (in y). (see also unbounded coords=jump). 
NOTE: coordinate (2Y3.33336e0],3Y0.0e0]) has been dropped because it is unbounded (in y). (see also unbounded coords=jump). 
NOTE: coordinate (2Y2.9167e0],3Y0.0e0]) has been dropped because it is unbounded (in y). (see also unbounded coords=jump). 
NOTE: coordinate (2Y2.50004e0],3Y0.0e0]) has been dropped because it is unbounded (in y). (see also unbounded coords=jump). 
NOTE: coordinate (2Y2.08338e0],3Y0.0e0]) has been dropped because it is unbounded (in y). (see also unbounded coords=jump). 
NOTE: coordinate (2Y1.66672e0],3Y0.0e0]) has been dropped because it is unbounded (in y). (see also unbounded coords=jump). 
NOTE: coordinate (2Y1.25006e0],3Y0.0e0]) has been dropped because it is unbounded (in y). (see also unbounded coords=jump). 
<timeseries.pdf, id=29, 648.48376pt x 679.29866pt>
File: timeseries.pdf Graphic file (type pdf)
<use timeseries.pdf>
Package pdftex.def Info: timeseries.pdf  used on input line 196.
(pdftex.def)             Requested size: 162.12054pt x 169.82425pt.
<timeseries_sdss.pdf, id=30, 609.30112pt x 613.83945pt>
File: timeseries_sdss.pdf Graphic file (type pdf)
<use timeseries_sdss.pdf>
Package pdftex.def Info: timeseries_sdss.pdf  used on input line 224.
(pdftex.def)             Requested size: 142.26378pt x 143.31564pt.
<lc_2005gg_NOSALT.pdf, id=31, 657.84093pt x 541.36041pt>
File: lc_2005gg_NOSALT.pdf Graphic file (type pdf)
<use lc_2005gg_NOSALT.pdf>
Package pdftex.def Info: lc_2005gg_NOSALT.pdf  used on input line 226.
(pdftex.def)             Requested size: 142.26378pt x 117.07584pt.
PGFPlots: reading {../data/sdss_spec.dat}
PGFPlots: reading {../data/mTrue.txt}
PGFPlots: reading {../data/mSelected.txt}
PGFPlots: reading {../data/mFitted.txt}
PGFPlots: reading {../data/cTrue.txt}
PGFPlots: reading {../data/cSelected.txt}
PGFPlots: reading {../data/cFitted.txt}
PGFPlots: reading {../data/zTrue.txt}
PGFPlots: reading {../data/zSelected.txt}
PGFPlots: reading {../data/zFitted.txt}
PGFPlots: reading {../data/xTrue.txt}
PGFPlots: reading {../data/xSelected.txt}
PGFPlots: reading {../data/xFitted.txt}
[1

{/var/lib/texmf/fonts/map/pdftex/updmap/pdftex.map} <./timeseries.pdf> <./timeseries_sdss.pdf> <./lc_2005gg_NOSALT.pdf>] (./snana_layout.aux) ) 
Here is how much of TeX's memory you used:
 64174 strings out of 492982
 1672376 string characters out of 6134895
 3058486 words of memory out of 5000000
 67019 multiletter control sequences out of 15000+600000
 544856 words of font info for 65 fonts, out of 8000000 for 9000
 1141 hyphenation exceptions out of 8191
 81i,18n,130p,10374b,2413s stack positions out of 5000i,500n,10000p,200000b,80000s
{/usr/share/texmf/fonts/enc/dvips/cm-super/cm-super-t1.enc}{/usr/share/texmf/fonts/enc/dvips/cm-super/cm-super-ts1.enc}</usr/share/texlive/texmf-dist/fonts/type1/public/amsfonts/cm/cmmi10.pfb></usr/share/texlive/texmf-dist/fonts/type1/public/amsfonts/cm/cmmi12.pfb></usr/share/texlive/texmf-dist/fonts/type1/public/amsfonts/cm/cmmi8.pfb></usr/share/texlive/texmf-dist/fonts/type1/public/amsfonts/cm/cmr10.pfb></usr/share/texlive/texmf-dist/fonts/type1/public/amsfonts/cm/cmr12.pfb></usr/share/texlive/texmf-dist/fonts/type1/public/amsfonts/cm/cmr17.pfb></usr/share/texlive/texmf-dist/fonts/type1/public/amsfonts/cm/cmr6.pfb></usr/share/texlive/texmf-dist/fonts/type1/public/amsfonts/cm/cmr7.pfb></usr/share/texlive/texmf-dist/fonts/type1/public/amsfonts/cm/cmr8.pfb></usr/share/texlive/texmf-dist/fonts/type1/public/amsfonts/cm/cmsy10.pfb></usr/share/texlive/texmf-dist/fonts/type1/public/amsfonts/cm/cmsy7.pfb></usr/share/texlive/texmf-dist/fonts/type1/public/amsfonts/cm/cmsy8.pfb></usr/share/texmf/fonts/type1/public/cm-super/sfbx1000.pfb></usr/share/texmf/fonts/type1/public/cm-super/sfbx1200.pfb></usr/share/texmf/fonts/type1/public/cm-super/sfrm0700.pfb></usr/share/texmf/fonts/type1/public/cm-super/sfrm0800.pfb></usr/share/texmf/fonts/type1/public/cm-super/sfrm1000.pfb></usr/share/texlive/texmf-dist/fonts/type1/urw/zapfding/uzdr.pfb>
Output written on snana_layout.pdf (1 page, 419356 bytes).
PDF statistics:
 159 PDF objects out of 1000 (max. 8388607)
 114 compressed objects within 2 object streams
 0 named destinations out of 1000 (max. 500000)
 124 words of extra memory for PDF output out of 10000 (max. 10000000)

